#
# There is insufficient memory for the Java Runtime Environment to continue.
# Native memory allocation (mmap) failed to map 154140672 bytes for G1 virtual space
# Possible reasons:
#   The system is out of physical RAM or swap space
#   The process is running with CompressedOops enabled, and the Java Heap may be blocking the growth of the native heap
# Possible solutions:
#   Reduce memory load on the system
#   Increase physical memory or swap space
#   Check if swap backing store is full
#   Decrease Java heap size (-Xmx/-Xms)
#   Decrease number of Java threads
#   Decrease Java thread stack sizes (-Xss)
#   Set larger code cache with -XX:ReservedCodeCacheSize=
#   JVM is running with Unscaled Compressed Oops mode in which the Java heap is
#     placed in the first 4GB address space. The Java Heap base address is the
#     maximum limit for the native heap growth. Please use -XX:HeapBaseMinAddress
#     to set the Java Heap base and to place the Java Heap above 4GB virtual address.
# This output file may be truncated or incomplete.
#
#  Out of Memory Error (os_windows.cpp:3532), pid=8124, tid=8868
#
# JRE version: OpenJDK Runtime Environment Temurin-17.0.2+8 (17.0.2+8) (build 17.0.2+8)
# Java VM: OpenJDK 64-Bit Server VM Temurin-17.0.2+8 (17.0.2+8, mixed mode, sharing, tiered, compressed oops, compressed class ptrs, g1 gc, windows-amd64)
# No core dump will be written. Minidumps are not enabled by default on client versions of Windows
#

---------------  S U M M A R Y ------------

Command Line: -XX:+ShowCodeDetailsInExceptionMessages -agentlib:jdwp=transport=dt_socket,suspend=y,address=localhost:49929 -javaagent:C:\Users\91737\eclipse\jee-2020-09\eclipse\configuration\org.eclipse.osgi\1157\0\.cp\lib\javaagent-shaded.jar -Dfile.encoding=Cp1252 --module-path=C:\Users\91737\git\repository\qspiders\bin -Djdk.module.main=qspiders qspiders/com.qspiders.practice.ChangeIp

Host: Intel(R) Core(TM) i5-8250U CPU @ 1.60GHz, 8 cores, 7G,  Windows 11 , 64 bit Build 22621 (10.0.22621.2428)
Time: Wed Nov  8 14:41:12 2023 India Standard Time elapsed time: 13.378194 seconds (0d 0h 0m 13s)

---------------  T H R E A D  ---------------

Current thread (0x0000014f3bf1e060):  VMThread "VM Thread" [stack: 0x0000002e9db00000,0x0000002e9dc00000] [id=8868]

Stack: [0x0000002e9db00000,0x0000002e9dc00000]
Native frames: (J=compiled Java code, j=interpreted, Vv=VM code, C=native code)
V  [jvm.dll+0x67564a]
V  [jvm.dll+0x82fc04]
V  [jvm.dll+0x8313ae]
V  [jvm.dll+0x831a13]
V  [jvm.dll+0x245235]
V  [jvm.dll+0x672539]
V  [jvm.dll+0x666e82]
V  [jvm.dll+0x30401b]
V  [jvm.dll+0x30b566]
V  [jvm.dll+0x35b1fe]
V  [jvm.dll+0x35b42f]
V  [jvm.dll+0x2daf58]
V  [jvm.dll+0x2d920c]
V  [jvm.dll+0x2d87dc]
V  [jvm.dll+0x31c941]
V  [jvm.dll+0x835ebb]
V  [jvm.dll+0x836bf4]
V  [jvm.dll+0x83710c]
V  [jvm.dll+0x8374e4]
V  [jvm.dll+0x8375b0]
V  [jvm.dll+0x7dff2a]
V  [jvm.dll+0x6744d5]
C  [ucrtbase.dll+0x29363]
C  [KERNEL32.DLL+0x1257d]
C  [ntdll.dll+0x5aa78]

VM_Operation (0x0000002e9d5fed70): G1TryInitiateConcMark, mode: safepoint, requested by thread 0x0000014f1dc3d600


---------------  P R O C E S S  ---------------

Threads class SMR info:
_java_thread_list=0x0000014f3cc23100, length=15, elements={
0x0000014f1dc3d600, 0x0000014f3bf227f0, 0x0000014f3bf23e00, 0x0000014f3bf3ada0,
0x0000014f3bf3b950, 0x0000014f3bf3e310, 0x0000014f3bf3ecc0, 0x0000014f3bf3f9a0,
0x0000014f3bfa9890, 0x0000014f3bfc8450, 0x0000014f3c951740, 0x0000014f3ca98520,
0x0000014f3cac5a60, 0x0000014f3caca0d0, 0x0000014f3cbfa450
}

Java Threads: ( => current thread )
  0x0000014f1dc3d600 JavaThread "main" [_thread_blocked, id=10632, stack(0x0000002e9d500000,0x0000002e9d600000)]
  0x0000014f3bf227f0 JavaThread "Reference Handler" daemon [_thread_blocked, id=10308, stack(0x0000002e9dc00000,0x0000002e9dd00000)]
  0x0000014f3bf23e00 JavaThread "Finalizer" daemon [_thread_blocked, id=2856, stack(0x0000002e9dd00000,0x0000002e9de00000)]
  0x0000014f3bf3ada0 JavaThread "Signal Dispatcher" daemon [_thread_blocked, id=2220, stack(0x0000002e9de00000,0x0000002e9df00000)]
  0x0000014f3bf3b950 JavaThread "Attach Listener" daemon [_thread_blocked, id=8352, stack(0x0000002e9df00000,0x0000002e9e000000)]
  0x0000014f3bf3e310 JavaThread "Service Thread" daemon [_thread_blocked, id=1276, stack(0x0000002e9e000000,0x0000002e9e100000)]
  0x0000014f3bf3ecc0 JavaThread "Monitor Deflation Thread" daemon [_thread_blocked, id=10868, stack(0x0000002e9e100000,0x0000002e9e200000)]
  0x0000014f3bf3f9a0 JavaThread "C2 CompilerThread0" daemon [_thread_blocked, id=2476, stack(0x0000002e9e200000,0x0000002e9e300000)]
  0x0000014f3bfa9890 JavaThread "C1 CompilerThread0" daemon [_thread_blocked, id=2368, stack(0x0000002e9e300000,0x0000002e9e400000)]
  0x0000014f3bfc8450 JavaThread "Sweeper thread" daemon [_thread_blocked, id=2308, stack(0x0000002e9e400000,0x0000002e9e500000)]
  0x0000014f3c951740 JavaThread "Common-Cleaner" daemon [_thread_blocked, id=3168, stack(0x0000002e9e500000,0x0000002e9e600000)]
  0x0000014f3ca98520 JavaThread "JDWP Transport Listener: dt_socket" daemon [_thread_blocked, id=6084, stack(0x0000002e9e600000,0x0000002e9e700000)]
  0x0000014f3cac5a60 JavaThread "JDWP Event Helper Thread" daemon [_thread_blocked, id=5632, stack(0x0000002e9e700000,0x0000002e9e800000)]
  0x0000014f3caca0d0 JavaThread "JDWP Command Reader" daemon [_thread_in_native, id=6392, stack(0x0000002e9e800000,0x0000002e9e900000)]
  0x0000014f3cbfa450 JavaThread "Notification Thread" daemon [_thread_blocked, id=1240, stack(0x0000002e9e900000,0x0000002e9ea00000)]

Other Threads:
=>0x0000014f3bf1e060 VMThread "VM Thread" [stack: 0x0000002e9db00000,0x0000002e9dc00000] [id=8868]
  0x0000014f3cafecd0 WatcherThread [stack: 0x0000002e9ea00000,0x0000002e9eb00000] [id=5836]
  0x0000014f1dc7c0a0 GCTaskThread "GC Thread#0" [stack: 0x0000002e9d600000,0x0000002e9d700000] [id=1976]
  0x0000014f1dc3e280 GCTaskThread "GC Thread#1" [stack: 0x0000002e9eb00000,0x0000002e9ec00000] [id=5868]
  0x0000014f3cadf5a0 GCTaskThread "GC Thread#2" [stack: 0x0000002e9ec00000,0x0000002e9ed00000] [id=4312]
  0x0000014f3ccfeba0 GCTaskThread "GC Thread#3" [stack: 0x0000002e9ed00000,0x0000002e9ee00000] [id=9552]
  0x0000014f3cbc9ae0 GCTaskThread "GC Thread#4" [stack: 0x0000002e9ee00000,0x0000002e9ef00000] [id=9684]
  0x0000014f3cbc9d90 GCTaskThread "GC Thread#5" [stack: 0x0000002e9ef00000,0x0000002e9f000000] [id=2444]
  0x0000014f1dc8dc70 ConcurrentGCThread "G1 Main Marker" [stack: 0x0000002e9d700000,0x0000002e9d800000] [id=5848]
  0x0000014f1dc8f690 ConcurrentGCThread "G1 Conc#0" [stack: 0x0000002e9d800000,0x0000002e9d900000] [id=10324]
  0x0000014f3bde10a0 ConcurrentGCThread "G1 Refine#0" [stack: 0x0000002e9d900000,0x0000002e9da00000] [id=8476]
  0x0000014f3bde1ac0 ConcurrentGCThread "G1 Service" [stack: 0x0000002e9da00000,0x0000002e9db00000] [id=10300]

Threads with active compile tasks:

VM state: at safepoint (normal execution)

VM Mutex/Monitor currently owned by a thread:  ([mutex/lock_event])
[0x0000014f1dc2e070] Threads_lock - owner thread: 0x0000014f3bf1e060
[0x0000014f1dc39a70] Heap_lock - owner thread: 0x0000014f1dc3d600

Heap address: 0x0000000081c00000, size: 2020 MB, Compressed Oops mode: 32-bit

CDS archive(s) mapped at: [0x0000000800000000-0x0000000800bc0000-0x0000000800bc0000), size 12320768, SharedBaseAddress: 0x0000000800000000, ArchiveRelocationMode: 0.
Compressed class space mapped at: 0x0000000800c00000-0x0000000840c00000, reserved size: 1073741824
Narrow klass base: 0x0000000800000000, Narrow klass shift: 0, Narrow klass range: 0x100000000

GC Precious Log:
 CPUs: 8 total, 8 available
 Memory: 8078M
 Large Page Support: Disabled
 NUMA Support: Disabled
 Compressed Oops: Enabled (32-bit)
 Heap Region Size: 1M
 Heap Min Capacity: 8M
 Heap Initial Capacity: 128M
 Heap Max Capacity: 2020M
 Pre-touch: Disabled
 Parallel Workers: 8
 Concurrent Workers: 2
 Concurrent Refinement Workers: 8
 Periodic GC: Disabled

Heap:
 garbage-first heap   total 131072K, used 65982K [0x0000000081c00000, 0x0000000100000000)
  region size 1024K, 2 young (2048K), 2 survivors (2048K)
 Metaspace       used 2980K, committed 3136K, reserved 1056768K
  class space    used 281K, committed 384K, reserved 1048576K

Heap Regions: E=young(eden), S=young(survivor), O=old, HS=humongous(starts), HC=humongous(continues), CS=collection set, F=free, OA=open archive, CA=closed archive, TAMS=top-at-mark-start (previous, next)
|   0|0x0000000081c00000, 0x0000000081d00000, 0x0000000081d00000|100%|HS|  |TAMS 0x0000000081c00000, 0x0000000081d00000| Complete 
|   1|0x0000000081d00000, 0x0000000081e00000, 0x0000000081e00000|100%|HC|  |TAMS 0x0000000081d00000, 0x0000000081e00000| Complete 
|   2|0x0000000081e00000, 0x0000000081f00000, 0x0000000081f00000|100%|HC|  |TAMS 0x0000000081e00000, 0x0000000081f00000| Complete 
|   3|0x0000000081f00000, 0x0000000082000000, 0x0000000082000000|100%|HC|  |TAMS 0x0000000081f00000, 0x0000000082000000| Complete 
|   4|0x0000000082000000, 0x0000000082100000, 0x0000000082100000|100%|HC|  |TAMS 0x0000000082000000, 0x0000000082100000| Complete 
|   5|0x0000000082100000, 0x0000000082200000, 0x0000000082200000|100%|HC|  |TAMS 0x0000000082100000, 0x0000000082200000| Complete 
|   6|0x0000000082200000, 0x0000000082300000, 0x0000000082300000|100%|HC|  |TAMS 0x0000000082200000, 0x0000000082300000| Complete 
|   7|0x0000000082300000, 0x0000000082400000, 0x0000000082400000|100%|HC|  |TAMS 0x0000000082300000, 0x0000000082400000| Complete 
|   8|0x0000000082400000, 0x0000000082500000, 0x0000000082500000|100%|HC|  |TAMS 0x0000000082400000, 0x0000000082500000| Complete 
|   9|0x0000000082500000, 0x0000000082600000, 0x0000000082600000|100%|HC|  |TAMS 0x0000000082500000, 0x0000000082600000| Complete 
|  10|0x0000000082600000, 0x0000000082700000, 0x0000000082700000|100%|HC|  |TAMS 0x0000000082600000, 0x0000000082700000| Complete 
|  11|0x0000000082700000, 0x0000000082800000, 0x0000000082800000|100%|HC|  |TAMS 0x0000000082700000, 0x0000000082800000| Complete 
|  12|0x0000000082800000, 0x0000000082900000, 0x0000000082900000|100%|HC|  |TAMS 0x0000000082800000, 0x0000000082900000| Complete 
|  13|0x0000000082900000, 0x0000000082a00000, 0x0000000082a00000|100%|HC|  |TAMS 0x0000000082900000, 0x0000000082a00000| Complete 
|  14|0x0000000082a00000, 0x0000000082b00000, 0x0000000082b00000|100%|HC|  |TAMS 0x0000000082a00000, 0x0000000082b00000| Complete 
|  15|0x0000000082b00000, 0x0000000082c00000, 0x0000000082c00000|100%|HC|  |TAMS 0x0000000082b00000, 0x0000000082c00000| Complete 
|  16|0x0000000082c00000, 0x0000000082d00000, 0x0000000082d00000|100%|HC|  |TAMS 0x0000000082c00000, 0x0000000082d00000| Complete 
|  17|0x0000000082d00000, 0x0000000082e00000, 0x0000000082e00000|100%|HC|  |TAMS 0x0000000082d00000, 0x0000000082e00000| Complete 
|  18|0x0000000082e00000, 0x0000000082f00000, 0x0000000082f00000|100%|HC|  |TAMS 0x0000000082e00000, 0x0000000082f00000| Complete 
|  19|0x0000000082f00000, 0x0000000083000000, 0x0000000083000000|100%|HC|  |TAMS 0x0000000082f00000, 0x0000000083000000| Complete 
|  20|0x0000000083000000, 0x0000000083100000, 0x0000000083100000|100%|HC|  |TAMS 0x0000000083000000, 0x0000000083100000| Complete 
|  21|0x0000000083100000, 0x0000000083200000, 0x0000000083200000|100%|HS|  |TAMS 0x0000000083100000, 0x0000000083200000| Complete 
|  22|0x0000000083200000, 0x0000000083300000, 0x0000000083300000|100%|HC|  |TAMS 0x0000000083200000, 0x0000000083300000| Complete 
|  23|0x0000000083300000, 0x0000000083400000, 0x0000000083400000|100%|HC|  |TAMS 0x0000000083300000, 0x0000000083400000| Complete 
|  24|0x0000000083400000, 0x0000000083500000, 0x0000000083500000|100%|HC|  |TAMS 0x0000000083400000, 0x0000000083500000| Complete 
|  25|0x0000000083500000, 0x0000000083600000, 0x0000000083600000|100%|HC|  |TAMS 0x0000000083500000, 0x0000000083600000| Complete 
|  26|0x0000000083600000, 0x0000000083700000, 0x0000000083700000|100%|HC|  |TAMS 0x0000000083600000, 0x0000000083700000| Complete 
|  27|0x0000000083700000, 0x0000000083800000, 0x0000000083800000|100%|HC|  |TAMS 0x0000000083700000, 0x0000000083800000| Complete 
|  28|0x0000000083800000, 0x0000000083900000, 0x0000000083900000|100%|HC|  |TAMS 0x0000000083800000, 0x0000000083900000| Complete 
|  29|0x0000000083900000, 0x0000000083a00000, 0x0000000083a00000|100%|HC|  |TAMS 0x0000000083900000, 0x0000000083a00000| Complete 
|  30|0x0000000083a00000, 0x0000000083b00000, 0x0000000083b00000|100%|HC|  |TAMS 0x0000000083a00000, 0x0000000083b00000| Complete 
|  31|0x0000000083b00000, 0x0000000083c00000, 0x0000000083c00000|100%|HC|  |TAMS 0x0000000083b00000, 0x0000000083c00000| Complete 
|  32|0x0000000083c00000, 0x0000000083d00000, 0x0000000083d00000|100%|HC|  |TAMS 0x0000000083c00000, 0x0000000083d00000| Complete 
|  33|0x0000000083d00000, 0x0000000083e00000, 0x0000000083e00000|100%|HC|  |TAMS 0x0000000083d00000, 0x0000000083e00000| Complete 
|  34|0x0000000083e00000, 0x0000000083f00000, 0x0000000083f00000|100%|HC|  |TAMS 0x0000000083e00000, 0x0000000083f00000| Complete 
|  35|0x0000000083f00000, 0x0000000084000000, 0x0000000084000000|100%|HC|  |TAMS 0x0000000083f00000, 0x0000000084000000| Complete 
|  36|0x0000000084000000, 0x0000000084100000, 0x0000000084100000|100%|HC|  |TAMS 0x0000000084000000, 0x0000000084100000| Complete 
|  37|0x0000000084100000, 0x0000000084200000, 0x0000000084200000|100%|HC|  |TAMS 0x0000000084100000, 0x0000000084200000| Complete 
|  38|0x0000000084200000, 0x0000000084300000, 0x0000000084300000|100%|HC|  |TAMS 0x0000000084200000, 0x0000000084300000| Complete 
|  39|0x0000000084300000, 0x0000000084400000, 0x0000000084400000|100%|HC|  |TAMS 0x0000000084300000, 0x0000000084400000| Complete 
|  40|0x0000000084400000, 0x0000000084500000, 0x0000000084500000|100%|HC|  |TAMS 0x0000000084400000, 0x0000000084500000| Complete 
|  41|0x0000000084500000, 0x0000000084600000, 0x0000000084600000|100%|HC|  |TAMS 0x0000000084500000, 0x0000000084600000| Complete 
|  42|0x0000000084600000, 0x0000000084600000, 0x0000000084700000|  0%| F|  |TAMS 0x0000000084600000, 0x0000000084600000| Untracked 
|  43|0x0000000084700000, 0x0000000084800000, 0x0000000084800000|100%|HS|  |TAMS 0x0000000084700000, 0x0000000084800000| Complete 
|  44|0x0000000084800000, 0x0000000084900000, 0x0000000084900000|100%|HC|  |TAMS 0x0000000084800000, 0x0000000084900000| Complete 
|  45|0x0000000084900000, 0x0000000084a00000, 0x0000000084a00000|100%|HC|  |TAMS 0x0000000084900000, 0x0000000084a00000| Complete 
|  46|0x0000000084a00000, 0x0000000084b00000, 0x0000000084b00000|100%|HC|  |TAMS 0x0000000084a00000, 0x0000000084b00000| Complete 
|  47|0x0000000084b00000, 0x0000000084c00000, 0x0000000084c00000|100%|HC|  |TAMS 0x0000000084b00000, 0x0000000084c00000| Complete 
|  48|0x0000000084c00000, 0x0000000084d00000, 0x0000000084d00000|100%|HC|  |TAMS 0x0000000084c00000, 0x0000000084d00000| Complete 
|  49|0x0000000084d00000, 0x0000000084e00000, 0x0000000084e00000|100%|HC|  |TAMS 0x0000000084d00000, 0x0000000084e00000| Complete 
|  50|0x0000000084e00000, 0x0000000084f00000, 0x0000000084f00000|100%|HC|  |TAMS 0x0000000084e00000, 0x0000000084f00000| Complete 
|  51|0x0000000084f00000, 0x0000000085000000, 0x0000000085000000|100%|HC|  |TAMS 0x0000000084f00000, 0x0000000085000000| Complete 
|  52|0x0000000085000000, 0x0000000085100000, 0x0000000085100000|100%|HC|  |TAMS 0x0000000085000000, 0x0000000085100000| Complete 
|  53|0x0000000085100000, 0x0000000085200000, 0x0000000085200000|100%|HC|  |TAMS 0x0000000085100000, 0x0000000085200000| Complete 
|  54|0x0000000085200000, 0x0000000085300000, 0x0000000085300000|100%|HC|  |TAMS 0x0000000085200000, 0x0000000085300000| Complete 
|  55|0x0000000085300000, 0x0000000085400000, 0x0000000085400000|100%|HC|  |TAMS 0x0000000085300000, 0x0000000085400000| Complete 
|  56|0x0000000085400000, 0x0000000085500000, 0x0000000085500000|100%|HC|  |TAMS 0x0000000085400000, 0x0000000085500000| Complete 
|  57|0x0000000085500000, 0x0000000085600000, 0x0000000085600000|100%|HC|  |TAMS 0x0000000085500000, 0x0000000085600000| Complete 
|  58|0x0000000085600000, 0x0000000085700000, 0x0000000085700000|100%|HC|  |TAMS 0x0000000085600000, 0x0000000085700000| Complete 
|  59|0x0000000085700000, 0x0000000085800000, 0x0000000085800000|100%|HC|  |TAMS 0x0000000085700000, 0x0000000085800000| Complete 
|  60|0x0000000085800000, 0x0000000085900000, 0x0000000085900000|100%|HC|  |TAMS 0x0000000085800000, 0x0000000085900000| Complete 
|  61|0x0000000085900000, 0x0000000085a00000, 0x0000000085a00000|100%|HC|  |TAMS 0x0000000085900000, 0x0000000085a00000| Complete 
|  62|0x0000000085a00000, 0x0000000085b00000, 0x0000000085b00000|100%|HC|  |TAMS 0x0000000085a00000, 0x0000000085b00000| Complete 
|  63|0x0000000085b00000, 0x0000000085c00000, 0x0000000085c00000|100%|HC|  |TAMS 0x0000000085b00000, 0x0000000085c00000| Complete 
|  64|0x0000000085c00000, 0x0000000085c00000, 0x0000000085d00000|  0%| F|  |TAMS 0x0000000085c00000, 0x0000000085c00000| Untracked 
|  65|0x0000000085d00000, 0x0000000085d00000, 0x0000000085e00000|  0%| F|  |TAMS 0x0000000085d00000, 0x0000000085d00000| Untracked 
|  66|0x0000000085e00000, 0x0000000085e00000, 0x0000000085f00000|  0%| F|  |TAMS 0x0000000085e00000, 0x0000000085e00000| Untracked 
|  67|0x0000000085f00000, 0x0000000085f00000, 0x0000000086000000|  0%| F|  |TAMS 0x0000000085f00000, 0x0000000085f00000| Untracked 
|  68|0x0000000086000000, 0x0000000086000000, 0x0000000086100000|  0%| F|  |TAMS 0x0000000086000000, 0x0000000086000000| Untracked 
|  69|0x0000000086100000, 0x0000000086100000, 0x0000000086200000|  0%| F|  |TAMS 0x0000000086100000, 0x0000000086100000| Untracked 
|  70|0x0000000086200000, 0x0000000086200000, 0x0000000086300000|  0%| F|  |TAMS 0x0000000086200000, 0x0000000086200000| Untracked 
|  71|0x0000000086300000, 0x0000000086300000, 0x0000000086400000|  0%| F|  |TAMS 0x0000000086300000, 0x0000000086300000| Untracked 
|  72|0x0000000086400000, 0x0000000086400000, 0x0000000086500000|  0%| F|  |TAMS 0x0000000086400000, 0x0000000086400000| Untracked 
|  73|0x0000000086500000, 0x0000000086500000, 0x0000000086600000|  0%| F|  |TAMS 0x0000000086500000, 0x0000000086500000| Untracked 
|  74|0x0000000086600000, 0x0000000086600000, 0x0000000086700000|  0%| F|  |TAMS 0x0000000086600000, 0x0000000086600000| Untracked 
|  75|0x0000000086700000, 0x0000000086700000, 0x0000000086800000|  0%| F|  |TAMS 0x0000000086700000, 0x0000000086700000| Untracked 
|  76|0x0000000086800000, 0x0000000086800000, 0x0000000086900000|  0%| F|  |TAMS 0x0000000086800000, 0x0000000086800000| Untracked 
|  77|0x0000000086900000, 0x0000000086900000, 0x0000000086a00000|  0%| F|  |TAMS 0x0000000086900000, 0x0000000086900000| Untracked 
|  78|0x0000000086a00000, 0x0000000086a00000, 0x0000000086b00000|  0%| F|  |TAMS 0x0000000086a00000, 0x0000000086a00000| Untracked 
|  79|0x0000000086b00000, 0x0000000086b00000, 0x0000000086c00000|  0%| F|  |TAMS 0x0000000086b00000, 0x0000000086b00000| Untracked 
|  80|0x0000000086c00000, 0x0000000086c00000, 0x0000000086d00000|  0%| F|  |TAMS 0x0000000086c00000, 0x0000000086c00000| Untracked 
|  81|0x0000000086d00000, 0x0000000086d00000, 0x0000000086e00000|  0%| F|  |TAMS 0x0000000086d00000, 0x0000000086d00000| Untracked 
|  82|0x0000000086e00000, 0x0000000086e00000, 0x0000000086f00000|  0%| F|  |TAMS 0x0000000086e00000, 0x0000000086e00000| Untracked 
|  83|0x0000000086f00000, 0x0000000086f00000, 0x0000000087000000|  0%| F|  |TAMS 0x0000000086f00000, 0x0000000086f00000| Untracked 
|  84|0x0000000087000000, 0x0000000087000000, 0x0000000087100000|  0%| F|  |TAMS 0x0000000087000000, 0x0000000087000000| Untracked 
|  85|0x0000000087100000, 0x0000000087100000, 0x0000000087200000|  0%| F|  |TAMS 0x0000000087100000, 0x0000000087100000| Untracked 
|  86|0x0000000087200000, 0x0000000087200000, 0x0000000087300000|  0%| F|  |TAMS 0x0000000087200000, 0x0000000087200000| Untracked 
|  87|0x0000000087300000, 0x0000000087300000, 0x0000000087400000|  0%| F|  |TAMS 0x0000000087300000, 0x0000000087300000| Untracked 
|  88|0x0000000087400000, 0x0000000087400000, 0x0000000087500000|  0%| F|  |TAMS 0x0000000087400000, 0x0000000087400000| Untracked 
|  89|0x0000000087500000, 0x0000000087500000, 0x0000000087600000|  0%| F|  |TAMS 0x0000000087500000, 0x0000000087500000| Untracked 
|  90|0x0000000087600000, 0x0000000087600000, 0x0000000087700000|  0%| F|  |TAMS 0x0000000087600000, 0x0000000087600000| Untracked 
|  91|0x0000000087700000, 0x0000000087700000, 0x0000000087800000|  0%| F|  |TAMS 0x0000000087700000, 0x0000000087700000| Untracked 
|  92|0x0000000087800000, 0x0000000087800000, 0x0000000087900000|  0%| F|  |TAMS 0x0000000087800000, 0x0000000087800000| Untracked 
|  93|0x0000000087900000, 0x0000000087900000, 0x0000000087a00000|  0%| F|  |TAMS 0x0000000087900000, 0x0000000087900000| Untracked 
|  94|0x0000000087a00000, 0x0000000087a00000, 0x0000000087b00000|  0%| F|  |TAMS 0x0000000087a00000, 0x0000000087a00000| Untracked 
|  95|0x0000000087b00000, 0x0000000087b00000, 0x0000000087c00000|  0%| F|  |TAMS 0x0000000087b00000, 0x0000000087b00000| Untracked 
|  96|0x0000000087c00000, 0x0000000087c00000, 0x0000000087d00000|  0%| F|  |TAMS 0x0000000087c00000, 0x0000000087c00000| Untracked 
|  97|0x0000000087d00000, 0x0000000087d00000, 0x0000000087e00000|  0%| F|  |TAMS 0x0000000087d00000, 0x0000000087d00000| Untracked 
|  98|0x0000000087e00000, 0x0000000087e00000, 0x0000000087f00000|  0%| F|  |TAMS 0x0000000087e00000, 0x0000000087e00000| Untracked 
|  99|0x0000000087f00000, 0x0000000087f00000, 0x0000000088000000|  0%| F|  |TAMS 0x0000000087f00000, 0x0000000087f00000| Untracked 
| 100|0x0000000088000000, 0x0000000088000000, 0x0000000088100000|  0%| F|  |TAMS 0x0000000088000000, 0x0000000088000000| Untracked 
| 101|0x0000000088100000, 0x0000000088100000, 0x0000000088200000|  0%| F|  |TAMS 0x0000000088100000, 0x0000000088100000| Untracked 
| 102|0x0000000088200000, 0x0000000088200000, 0x0000000088300000|  0%| F|  |TAMS 0x0000000088200000, 0x0000000088200000| Untracked 
| 103|0x0000000088300000, 0x0000000088300000, 0x0000000088400000|  0%| F|  |TAMS 0x0000000088300000, 0x0000000088300000| Untracked 
| 104|0x0000000088400000, 0x0000000088400000, 0x0000000088500000|  0%| F|  |TAMS 0x0000000088400000, 0x0000000088400000| Untracked 
| 105|0x0000000088500000, 0x0000000088500000, 0x0000000088600000|  0%| F|  |TAMS 0x0000000088500000, 0x0000000088500000| Untracked 
| 106|0x0000000088600000, 0x0000000088600000, 0x0000000088700000|  0%| F|  |TAMS 0x0000000088600000, 0x0000000088600000| Untracked 
| 107|0x0000000088700000, 0x0000000088700000, 0x0000000088800000|  0%| F|  |TAMS 0x0000000088700000, 0x0000000088700000| Untracked 
| 108|0x0000000088800000, 0x0000000088800000, 0x0000000088900000|  0%| F|  |TAMS 0x0000000088800000, 0x0000000088800000| Untracked 
| 109|0x0000000088900000, 0x0000000088900000, 0x0000000088a00000|  0%| F|  |TAMS 0x0000000088900000, 0x0000000088900000| Untracked 
| 110|0x0000000088a00000, 0x0000000088a00000, 0x0000000088b00000|  0%| F|  |TAMS 0x0000000088a00000, 0x0000000088a00000| Untracked 
| 111|0x0000000088b00000, 0x0000000088b00000, 0x0000000088c00000|  0%| F|  |TAMS 0x0000000088b00000, 0x0000000088b00000| Untracked 
| 112|0x0000000088c00000, 0x0000000088c00000, 0x0000000088d00000|  0%| F|  |TAMS 0x0000000088c00000, 0x0000000088c00000| Untracked 
| 113|0x0000000088d00000, 0x0000000088d00000, 0x0000000088e00000|  0%| F|  |TAMS 0x0000000088d00000, 0x0000000088d00000| Untracked 
| 114|0x0000000088e00000, 0x0000000088e00000, 0x0000000088f00000|  0%| F|  |TAMS 0x0000000088e00000, 0x0000000088e00000| Untracked 
| 115|0x0000000088f00000, 0x0000000088f00000, 0x0000000089000000|  0%| F|  |TAMS 0x0000000088f00000, 0x0000000088f00000| Untracked 
| 116|0x0000000089000000, 0x0000000089000000, 0x0000000089100000|  0%| F|  |TAMS 0x0000000089000000, 0x0000000089000000| Untracked 
| 117|0x0000000089100000, 0x0000000089100000, 0x0000000089200000|  0%| F|  |TAMS 0x0000000089100000, 0x0000000089100000| Untracked 
| 118|0x0000000089200000, 0x0000000089200000, 0x0000000089300000|  0%| F|  |TAMS 0x0000000089200000, 0x0000000089200000| Untracked 
| 119|0x0000000089300000, 0x0000000089300000, 0x0000000089400000|  0%| F|  |TAMS 0x0000000089300000, 0x0000000089300000| Untracked 
| 120|0x0000000089400000, 0x0000000089400000, 0x0000000089500000|  0%| F|  |TAMS 0x0000000089400000, 0x0000000089400000| Untracked 
| 121|0x0000000089500000, 0x0000000089500000, 0x0000000089600000|  0%| F|  |TAMS 0x0000000089500000, 0x0000000089500000| Untracked 
| 122|0x0000000089600000, 0x0000000089600000, 0x0000000089700000|  0%| F|  |TAMS 0x0000000089600000, 0x0000000089600000| Untracked 
| 123|0x0000000089700000, 0x000000008976fa40, 0x0000000089800000| 43%| S|CS|TAMS 0x0000000089700000, 0x0000000089700000| Complete 
| 124|0x0000000089800000, 0x0000000089800000, 0x0000000089900000|  0%| F|  |TAMS 0x0000000089800000, 0x0000000089800000| Untracked 
| 125|0x0000000089900000, 0x0000000089a00000, 0x0000000089a00000|100%| S|CS|TAMS 0x0000000089900000, 0x0000000089900000| Complete 
| 126|0x0000000089a00000, 0x0000000089a00000, 0x0000000089b00000|  0%| F|  |TAMS 0x0000000089a00000, 0x0000000089a00000| Untracked 
| 127|0x0000000089b00000, 0x0000000089b00000, 0x0000000089c00000|  0%| F|  |TAMS 0x0000000089b00000, 0x0000000089b00000| Untracked 

Card table byte_map: [0x0000014f34e30000,0x0000014f35230000] _byte_map_base: 0x0000014f34a22000

Marking Bits (Prev, Next): (CMBitMap*) 0x0000014f1dc7d6c0, (CMBitMap*) 0x0000014f1dc7d700
 Prev Bits: [0x0000014f35630000, 0x0000014f375c0000)
 Next Bits: [0x0000014f375c0000, 0x0000014f39550000)

Polling page: 0x0000014f1bba0000

Metaspace:

Usage:
  Non-class:      2.64 MB used.
      Class:    281.35 KB used.
       Both:      2.91 MB used.

Virtual space:
  Non-class space:        8.00 MB reserved,       2.69 MB ( 34%) committed,  1 nodes.
      Class space:        1.00 GB reserved,     384.00 KB ( <1%) committed,  1 nodes.
             Both:        1.01 GB reserved,       3.06 MB ( <1%) committed. 

Chunk freelists:
   Non-Class:  3.77 MB
       Class:  3.59 MB
        Both:  7.36 MB

MaxMetaspaceSize: unlimited
CompressedClassSpaceSize: 1.00 GB
Initial GC threshold: 21.00 MB
Current GC threshold: 21.00 MB
CDS: on
MetaspaceReclaimPolicy: balanced
 - commit_granule_bytes: 65536.
 - commit_granule_words: 8192.
 - virtual_space_node_default_size: 1048576.
 - enlarge_chunks_in_place: 1.
 - new_chunks_are_fully_committed: 0.
 - uncommit_free_chunks: 1.
 - use_allocation_guard: 0.
 - handle_deallocations: 1.


Internal statistics:

num_allocs_failed_limit: 0.
num_arena_births: 12.
num_arena_deaths: 0.
num_vsnodes_births: 2.
num_vsnodes_deaths: 0.
num_space_committed: 49.
num_space_uncommitted: 0.
num_chunks_returned_to_freelist: 0.
num_chunks_taken_from_freelist: 31.
num_chunk_merges: 0.
num_chunk_splits: 18.
num_chunks_enlarged: 14.
num_purges: 0.
num_inconsistent_stats: 0.

CodeHeap 'non-profiled nmethods': size=120000Kb used=156Kb max_used=156Kb free=119843Kb
 bounds [0x0000014f2d1d0000, 0x0000014f2d440000, 0x0000014f34700000]
CodeHeap 'profiled nmethods': size=120000Kb used=710Kb max_used=710Kb free=119289Kb
 bounds [0x0000014f25ca0000, 0x0000014f25f10000, 0x0000014f2d1d0000]
CodeHeap 'non-nmethods': size=5760Kb used=1201Kb max_used=1218Kb free=4558Kb
 bounds [0x0000014f25700000, 0x0000014f25970000, 0x0000014f25ca0000]
 total_blobs=872 nmethods=456 adapters=329
 compilation: enabled
              stopped_count=0, restarted_count=0
 full_count=0

Compilation events (20 events):
Event: 8.863 Thread 0x0000014f3bfa9890 nmethod 449 0x0000014f25d4c290 code [0x0000014f25d4c480, 0x0000014f25d4c9f8]
Event: 8.865 Thread 0x0000014f3bf3f9a0 nmethod 445 0x0000014f2d1f6090 code [0x0000014f2d1f6220, 0x0000014f2d1f6698]
Event: 8.865 Thread 0x0000014f3bf3f9a0  446 %     4       java.lang.StringLatin1::indexOfChar @ 7 (33 bytes)
Event: 8.867 Thread 0x0000014f3bfa9890  451       3       java.lang.StringConcatHelper::stringOf (20 bytes)
Event: 8.867 Thread 0x0000014f3bfa9890 nmethod 451 0x0000014f25d4cc10 code [0x0000014f25d4cdc0, 0x0000014f25d4d008]
Event: 8.867 Thread 0x0000014f3bfa9890  452       3       java.lang.StringConcatHelper::mix (27 bytes)
Event: 8.868 Thread 0x0000014f3bfa9890 nmethod 452 0x0000014f25d4d110 code [0x0000014f25d4d2e0, 0x0000014f25d4d708]
Event: 8.868 Thread 0x0000014f3bfa9890  453       3       sun.security.x509.X509CertImpl::getEncodedInternal (22 bytes)
Event: 8.868 Thread 0x0000014f3bfa9890 nmethod 453 0x0000014f25d4d910 code [0x0000014f25d4dac0, 0x0000014f25d4dca8]
Event: 8.873 Thread 0x0000014f3bf3f9a0 nmethod 446% 0x0000014f2d1f6890 code [0x0000014f2d1f6a20, 0x0000014f2d1f6c58]
Event: 8.876 Thread 0x0000014f3bfa9890  454       3       sun.security.x509.X509CertImpl::getEncodedInternal (20 bytes)
Event: 8.877 Thread 0x0000014f3bfa9890 nmethod 454 0x0000014f25d4dd90 code [0x0000014f25d4dfc0, 0x0000014f25d4e7c8]
Event: 8.877 Thread 0x0000014f3bfa9890  455   !   3       java.security.cert.Certificate::equals (38 bytes)
Event: 8.879 Thread 0x0000014f3bfa9890 nmethod 455 0x0000014f25d4ea10 code [0x0000014f25d4ed20, 0x0000014f25d50048]
Event: 8.884 Thread 0x0000014f3bfa9890  456       1       java.util.zip.ZipCoder$UTF8ZipCoder::isUTF8 (2 bytes)
Event: 8.884 Thread 0x0000014f3bfa9890 nmethod 456 0x0000014f2d1f6d90 code [0x0000014f2d1f6f20, 0x0000014f2d1f6ff8]
Event: 8.887 Thread 0x0000014f3bfa9890  457       3       java.lang.String::regionMatches (150 bytes)
Event: 8.889 Thread 0x0000014f3bfa9890 nmethod 457 0x0000014f25d50810 code [0x0000014f25d50a60, 0x0000014f25d512a8]
Event: 9.393 Thread 0x0000014f3bfa9890  458       3       java.lang.ref.Reference::<init> (7 bytes)
Event: 9.394 Thread 0x0000014f3bfa9890 nmethod 458 0x0000014f25d51590 code [0x0000014f25d51740, 0x0000014f25d519f8]

GC Heap History (11 events):
Event: 9.498 GC heap before
{Heap before GC invocations=0 (full 0):
 garbage-first heap   total 131072K, used 56320K [0x0000000081c00000, 0x0000000100000000)
  region size 1024K, 9 young (9216K), 0 survivors (0K)
 Metaspace       used 2979K, committed 3136K, reserved 1056768K
  class space    used 281K, committed 384K, reserved 1048576K
}
Event: 9.505 GC heap after
{Heap after GC invocations=1 (full 0):
 garbage-first heap   total 131072K, used 19882K [0x0000000081c00000, 0x0000000100000000)
  region size 1024K, 2 young (2048K), 2 survivors (2048K)
 Metaspace       used 2979K, committed 3136K, reserved 1056768K
  class space    used 281K, committed 384K, reserved 1048576K
}
Event: 9.566 GC heap before
{Heap before GC invocations=1 (full 0):
 garbage-first heap   total 131072K, used 53674K [0x0000000081c00000, 0x0000000100000000)
  region size 1024K, 3 young (3072K), 2 survivors (2048K)
 Metaspace       used 2980K, committed 3136K, reserved 1056768K
  class space    used 281K, committed 384K, reserved 1048576K
}
Event: 9.571 GC heap after
{Heap after GC invocations=2 (full 0):
 garbage-first heap   total 131072K, used 23990K [0x0000000081c00000, 0x0000000100000000)
  region size 1024K, 2 young (2048K), 2 survivors (2048K)
 Metaspace       used 2980K, committed 3136K, reserved 1056768K
  class space    used 281K, committed 384K, reserved 1048576K
}
Event: 9.612 GC heap before
{Heap before GC invocations=2 (full 0):
 garbage-first heap   total 131072K, used 56758K [0x0000000081c00000, 0x0000000100000000)
  region size 1024K, 3 young (3072K), 2 survivors (2048K)
 Metaspace       used 2980K, committed 3136K, reserved 1056768K
  class space    used 281K, committed 384K, reserved 1048576K
}
Event: 9.618 GC heap after
{Heap after GC invocations=3 (full 0):
 garbage-first heap   total 131072K, used 34236K [0x0000000081c00000, 0x0000000100000000)
  region size 1024K, 2 young (2048K), 2 survivors (2048K)
 Metaspace       used 2980K, committed 3136K, reserved 1056768K
  class space    used 281K, committed 384K, reserved 1048576K
}
Event: 9.645 GC heap before
{Heap before GC invocations=3 (full 0):
 garbage-first heap   total 131072K, used 55740K [0x0000000081c00000, 0x0000000100000000)
  region size 1024K, 3 young (3072K), 2 survivors (2048K)
 Metaspace       used 2980K, committed 3136K, reserved 1056768K
  class space    used 281K, committed 384K, reserved 1048576K
}
Event: 9.650 GC heap after
{Heap after GC invocations=4 (full 0):
 garbage-first heap   total 131072K, used 22974K [0x0000000081c00000, 0x0000000100000000)
  region size 1024K, 2 young (2048K), 2 survivors (2048K)
 Metaspace       used 2980K, committed 3136K, reserved 1056768K
  class space    used 281K, committed 384K, reserved 1048576K
}
Event: 9.669 GC heap before
{Heap before GC invocations=4 (full 0):
 garbage-first heap   total 131072K, used 44478K [0x0000000081c00000, 0x0000000100000000)
  region size 1024K, 2 young (2048K), 2 survivors (2048K)
 Metaspace       used 2980K, committed 3136K, reserved 1056768K
  class space    used 281K, committed 384K, reserved 1048576K
}
Event: 9.675 GC heap after
{Heap after GC invocations=5 (full 0):
 garbage-first heap   total 131072K, used 44478K [0x0000000081c00000, 0x0000000100000000)
  region size 1024K, 2 young (2048K), 2 survivors (2048K)
 Metaspace       used 2980K, committed 3136K, reserved 1056768K
  class space    used 281K, committed 384K, reserved 1048576K
}
Event: 9.697 GC heap before
{Heap before GC invocations=5 (full 0):
 garbage-first heap   total 131072K, used 65982K [0x0000000081c00000, 0x0000000100000000)
  region size 1024K, 3 young (3072K), 2 survivors (2048K)
 Metaspace       used 2980K, committed 3136K, reserved 1056768K
  class space    used 281K, committed 384K, reserved 1048576K
}

Deoptimization events (20 events):
Event: 8.555 Thread 0x0000014f1dc3d600 DEOPT PACKING pc=0x0000014f25d352b4 sp=0x0000002e9d5fc520
Event: 8.555 Thread 0x0000014f1dc3d600 DEOPT UNPACKING pc=0x0000014f25752b43 sp=0x0000002e9d5fb988 mode 0
Event: 8.556 Thread 0x0000014f1dc3d600 DEOPT PACKING pc=0x0000014f25d352b4 sp=0x0000002e9d5fc520
Event: 8.556 Thread 0x0000014f1dc3d600 DEOPT UNPACKING pc=0x0000014f25752b43 sp=0x0000002e9d5fb988 mode 0
Event: 8.556 Thread 0x0000014f1dc3d600 DEOPT PACKING pc=0x0000014f25d352b4 sp=0x0000002e9d5fc520
Event: 8.557 Thread 0x0000014f1dc3d600 DEOPT UNPACKING pc=0x0000014f25752b43 sp=0x0000002e9d5fb988 mode 0
Event: 8.557 Thread 0x0000014f1dc3d600 DEOPT PACKING pc=0x0000014f25d352b4 sp=0x0000002e9d5fc520
Event: 8.557 Thread 0x0000014f1dc3d600 DEOPT UNPACKING pc=0x0000014f25752b43 sp=0x0000002e9d5fb988 mode 0
Event: 8.557 Thread 0x0000014f1dc3d600 DEOPT PACKING pc=0x0000014f25d351dc sp=0x0000002e9d5fc520
Event: 8.557 Thread 0x0000014f1dc3d600 DEOPT UNPACKING pc=0x0000014f25752b43 sp=0x0000002e9d5fb988 mode 0
Event: 8.558 Thread 0x0000014f1dc3d600 DEOPT PACKING pc=0x0000014f25d351dc sp=0x0000002e9d5fc520
Event: 8.558 Thread 0x0000014f1dc3d600 DEOPT UNPACKING pc=0x0000014f25752b43 sp=0x0000002e9d5fb988 mode 0
Event: 8.558 Thread 0x0000014f1dc3d600 DEOPT PACKING pc=0x0000014f25d351dc sp=0x0000002e9d5fc520
Event: 8.558 Thread 0x0000014f1dc3d600 DEOPT UNPACKING pc=0x0000014f25752b43 sp=0x0000002e9d5fb988 mode 0
Event: 8.559 Thread 0x0000014f1dc3d600 DEOPT PACKING pc=0x0000014f25d352b4 sp=0x0000002e9d5fc520
Event: 8.559 Thread 0x0000014f1dc3d600 DEOPT UNPACKING pc=0x0000014f25752b43 sp=0x0000002e9d5fb988 mode 0
Event: 8.576 Thread 0x0000014f1dc3d600 DEOPT PACKING pc=0x0000014f25d352b4 sp=0x0000002e9d5f8a50
Event: 8.576 Thread 0x0000014f1dc3d600 DEOPT UNPACKING pc=0x0000014f25752b43 sp=0x0000002e9d5f7eb8 mode 0
Event: 8.577 Thread 0x0000014f1dc3d600 DEOPT PACKING pc=0x0000014f25d352b4 sp=0x0000002e9d5f8a50
Event: 8.577 Thread 0x0000014f1dc3d600 DEOPT UNPACKING pc=0x0000014f25752b43 sp=0x0000002e9d5f7eb8 mode 0

Classes unloaded (0 events):
No events

Classes redefined (0 events):
No events

Internal exceptions (1 events):
Event: 0.682 Thread 0x0000014f1dc3d600 Exception <a 'java/lang/NoSuchMethodError'{0x0000000089a1d108}: 'void java.lang.invoke.DirectMethodHandle$Holder.invokeVirtual(java.lang.Object, java.lang.Object)'> (0x0000000089a1d108) 
thrown [e:\jenkins\tmp\workspace\build\src\src\hotspot\share\interpreter\linkResolver.cpp, line 766]

VM Operations (20 events):
Event: 1.940 Executing VM operation: ChangeBreakpoints done
Event: 1.952 Executing VM operation: ChangeBreakpoints
Event: 1.952 Executing VM operation: ChangeBreakpoints done
Event: 3.018 Executing VM operation: Cleanup
Event: 3.018 Executing VM operation: Cleanup done
Event: 5.028 Executing VM operation: Cleanup
Event: 5.200 Executing VM operation: Cleanup done
Event: 9.224 Executing VM operation: Cleanup
Event: 9.334 Executing VM operation: Cleanup done
Event: 9.497 Executing VM operation: G1TryInitiateConcMark
Event: 9.506 Executing VM operation: G1TryInitiateConcMark done
Event: 9.566 Executing VM operation: G1TryInitiateConcMark
Event: 9.571 Executing VM operation: G1TryInitiateConcMark done
Event: 9.611 Executing VM operation: G1TryInitiateConcMark
Event: 9.618 Executing VM operation: G1TryInitiateConcMark done
Event: 9.645 Executing VM operation: G1TryInitiateConcMark
Event: 9.650 Executing VM operation: G1TryInitiateConcMark done
Event: 9.668 Executing VM operation: G1TryInitiateConcMark
Event: 9.675 Executing VM operation: G1TryInitiateConcMark done
Event: 9.697 Executing VM operation: G1TryInitiateConcMark

Events (20 events):
Event: 8.830 loading class jdk/internal/reflect/Label
Event: 8.830 loading class jdk/internal/reflect/Label done
Event: 8.830 loading class jdk/internal/reflect/Label$PatchInfo
Event: 8.830 loading class jdk/internal/reflect/Label$PatchInfo done
Event: 8.831 loading class jdk/internal/reflect/MethodAccessorGenerator$1
Event: 8.831 loading class jdk/internal/reflect/MethodAccessorGenerator$1 done
Event: 8.831 loading class jdk/internal/reflect/ClassDefiner
Event: 8.831 loading class jdk/internal/reflect/ClassDefiner done
Event: 8.831 loading class jdk/internal/reflect/ClassDefiner$1
Event: 8.831 loading class jdk/internal/reflect/ClassDefiner$1 done
Event: 8.832 loading class jdk/internal/reflect/BootstrapConstructorAccessorImpl
Event: 8.832 loading class jdk/internal/reflect/BootstrapConstructorAccessorImpl done
Event: 8.889 loading class java/lang/IllegalStateException
Event: 9.334 loading class java/lang/IllegalStateException done
Event: 9.338 loading class java/lang/WeakPairMap$Pair$Weak
Event: 9.392 loading class java/lang/WeakPairMap$WeakRefPeer
Event: 9.392 loading class java/lang/WeakPairMap$WeakRefPeer done
Event: 9.392 loading class java/lang/WeakPairMap$Pair$Weak done
Event: 9.392 loading class java/lang/WeakPairMap$Pair$Weak$1
Event: 9.392 loading class java/lang/WeakPairMap$Pair$Weak$1 done


Dynamic libraries:
0x00007ff747190000 - 0x00007ff74719e000 	C:\Program Files\Eclipse Adoptium\jdk-17.0.2.8-hotspot\bin\javaw.exe
0x00007ffe412d0000 - 0x00007ffe414e7000 	C:\WINDOWS\SYSTEM32\ntdll.dll
0x00007ffe401f0000 - 0x00007ffe402b4000 	C:\WINDOWS\System32\KERNEL32.DLL
0x00007ffe3ec10000 - 0x00007ffe3efb6000 	C:\WINDOWS\System32\KERNELBASE.dll
0x00007ffe3ea20000 - 0x00007ffe3eb31000 	C:\WINDOWS\System32\ucrtbase.dll
0x00007ffe25550000 - 0x00007ffe25568000 	C:\Program Files\Eclipse Adoptium\jdk-17.0.2.8-hotspot\bin\jli.dll
0x00007ffe3faa0000 - 0x00007ffe3fc4d000 	C:\WINDOWS\System32\USER32.dll
0x00007ffe3eb40000 - 0x00007ffe3eb66000 	C:\WINDOWS\System32\win32u.dll
0x00007ffe410b0000 - 0x00007ffe410d9000 	C:\WINDOWS\System32\GDI32.dll
0x00007ffe3e900000 - 0x00007ffe3ea18000 	C:\WINDOWS\System32\gdi32full.dll
0x00007ffe3eb70000 - 0x00007ffe3ec0a000 	C:\WINDOWS\System32\msvcp_win.dll
0x00007ffe25570000 - 0x00007ffe25589000 	C:\Program Files\Eclipse Adoptium\jdk-17.0.2.8-hotspot\bin\VCRUNTIME140.dll
0x00007ffe24b20000 - 0x00007ffe24db3000 	C:\WINDOWS\WinSxS\amd64_microsoft.windows.common-controls_6595b64144ccf1df_6.0.22621.2361_none_2712ced57382f843\COMCTL32.dll
0x00007ffe40f70000 - 0x00007ffe41017000 	C:\WINDOWS\System32\msvcrt.dll
0x00007ffe3f0e0000 - 0x00007ffe3f111000 	C:\WINDOWS\System32\IMM32.DLL
0x00007ffe2e1d0000 - 0x00007ffe2e1dc000 	C:\Program Files\Eclipse Adoptium\jdk-17.0.2.8-hotspot\bin\vcruntime140_1.dll
0x00007ffe1f560000 - 0x00007ffe1f5f1000 	C:\Program Files\Eclipse Adoptium\jdk-17.0.2.8-hotspot\bin\msvcp140.dll
0x00007ffdebe20000 - 0x00007ffdeca67000 	C:\Program Files\Eclipse Adoptium\jdk-17.0.2.8-hotspot\bin\server\jvm.dll
0x00007ffe3f9f0000 - 0x00007ffe3faa0000 	C:\WINDOWS\System32\ADVAPI32.dll
0x00007ffe3f030000 - 0x00007ffe3f0d6000 	C:\WINDOWS\System32\sechost.dll
0x00007ffe40b80000 - 0x00007ffe40c97000 	C:\WINDOWS\System32\RPCRT4.dll
0x00007ffe410e0000 - 0x00007ffe410e8000 	C:\WINDOWS\System32\PSAPI.DLL
0x00007ffe39060000 - 0x00007ffe39069000 	C:\WINDOWS\SYSTEM32\WSOCK32.dll
0x00007ffe41030000 - 0x00007ffe410a1000 	C:\WINDOWS\System32\WS2_32.dll
0x00007ffe38500000 - 0x00007ffe38534000 	C:\WINDOWS\SYSTEM32\WINMM.dll
0x00007ffe38470000 - 0x00007ffe3847a000 	C:\WINDOWS\SYSTEM32\VERSION.dll
0x00007ffe3d720000 - 0x00007ffe3d738000 	C:\WINDOWS\SYSTEM32\kernel.appcore.dll
0x00007ffe38830000 - 0x00007ffe3883a000 	C:\Program Files\Eclipse Adoptium\jdk-17.0.2.8-hotspot\bin\jimage.dll
0x00007ffe3c160000 - 0x00007ffe3c38e000 	C:\WINDOWS\SYSTEM32\DBGHELP.DLL
0x00007ffe3f660000 - 0x00007ffe3f9ea000 	C:\WINDOWS\System32\combase.dll
0x00007ffe400d0000 - 0x00007ffe401a7000 	C:\WINDOWS\System32\OLEAUT32.dll
0x00007ffe261a0000 - 0x00007ffe261d2000 	C:\WINDOWS\SYSTEM32\dbgcore.DLL
0x00007ffe3e710000 - 0x00007ffe3e78a000 	C:\WINDOWS\System32\bcryptPrimitives.dll
0x00007ffe21f50000 - 0x00007ffe21f8b000 	C:\Program Files\Eclipse Adoptium\jdk-17.0.2.8-hotspot\bin\jdwp.dll
0x00007ffe2bfe0000 - 0x00007ffe2bfee000 	C:\Program Files\Eclipse Adoptium\jdk-17.0.2.8-hotspot\bin\instrument.dll
0x00007ffe2a630000 - 0x00007ffe2a655000 	C:\Program Files\Eclipse Adoptium\jdk-17.0.2.8-hotspot\bin\java.dll
0x00007ffe09f90000 - 0x00007ffe0a066000 	C:\Program Files\Eclipse Adoptium\jdk-17.0.2.8-hotspot\bin\jsvml.dll
0x00007ffe40320000 - 0x00007ffe40b78000 	C:\WINDOWS\System32\SHELL32.dll
0x00007ffe3c5b0000 - 0x00007ffe3cea2000 	C:\WINDOWS\SYSTEM32\windows.storage.dll
0x00007ffe3c470000 - 0x00007ffe3c5ae000 	C:\WINDOWS\SYSTEM32\wintypes.dll
0x00007ffe40e60000 - 0x00007ffe40f53000 	C:\WINDOWS\System32\SHCORE.dll
0x00007ffe3f5a0000 - 0x00007ffe3f5fe000 	C:\WINDOWS\System32\shlwapi.dll
0x00007ffe3e580000 - 0x00007ffe3e5a6000 	C:\WINDOWS\SYSTEM32\profapi.dll
0x00007ffe2c890000 - 0x00007ffe2c8a9000 	C:\Program Files\Eclipse Adoptium\jdk-17.0.2.8-hotspot\bin\net.dll
0x00007ffe36330000 - 0x00007ffe36467000 	C:\WINDOWS\SYSTEM32\WINHTTP.dll
0x00007ffe3dc00000 - 0x00007ffe3dc69000 	C:\WINDOWS\system32\mswsock.dll
0x00007ffe2a610000 - 0x00007ffe2a625000 	C:\Program Files\Eclipse Adoptium\jdk-17.0.2.8-hotspot\bin\nio.dll
0x00007ffe2a110000 - 0x00007ffe2a11c000 	C:\Program Files\Eclipse Adoptium\jdk-17.0.2.8-hotspot\bin\dt_socket.dll
0x00007ffe3d100000 - 0x00007ffe3d12d000 	C:\WINDOWS\SYSTEM32\IPHLPAPI.DLL
0x00007ffe3d130000 - 0x00007ffe3d229000 	C:\WINDOWS\SYSTEM32\DNSAPI.dll
0x00007ffe40f60000 - 0x00007ffe40f69000 	C:\WINDOWS\System32\NSI.dll
0x00007ffe34c20000 - 0x00007ffe34c2a000 	C:\Windows\System32\rasadhlp.dll
0x00007ffe34b90000 - 0x00007ffe34c14000 	C:\WINDOWS\System32\fwpuclnt.dll
0x00007ffe2a5f0000 - 0x00007ffe2a608000 	C:\Program Files\Eclipse Adoptium\jdk-17.0.2.8-hotspot\bin\zip.dll
0x00007ffe2c7c0000 - 0x00007ffe2c7d0000 	C:\Program Files\Eclipse Adoptium\jdk-17.0.2.8-hotspot\bin\verify.dll

dbghelp: loaded successfully - version: 4.0.5 - missing functions: none
symbol engine: initialized successfully - sym options: 0x614 - pdb path: .;C:\Program Files\Eclipse Adoptium\jdk-17.0.2.8-hotspot\bin;C:\WINDOWS\SYSTEM32;C:\WINDOWS\WinSxS\amd64_microsoft.windows.common-controls_6595b64144ccf1df_6.0.22621.2361_none_2712ced57382f843;C:\Program Files\Eclipse Adoptium\jdk-17.0.2.8-hotspot\bin\server

VM Arguments:
jvm_args: -XX:+ShowCodeDetailsInExceptionMessages -agentlib:jdwp=transport=dt_socket,suspend=y,address=localhost:49929 -javaagent:C:\Users\91737\eclipse\jee-2020-09\eclipse\configuration\org.eclipse.osgi\1157\0\.cp\lib\javaagent-shaded.jar -Dfile.encoding=Cp1252 --module-path=C:\Users\91737\git\repository\qspiders\bin -Djdk.module.main=qspiders 
java_command: qspiders/com.qspiders.practice.ChangeIp
java_class_path (initial): <not set>
Launcher Type: SUN_STANDARD

[Global flags]
     intx CICompilerCount                          = 4                                         {product} {ergonomic}
     uint ConcGCThreads                            = 2                                         {product} {ergonomic}
     uint G1ConcRefinementThreads                  = 8                                         {product} {ergonomic}
   size_t G1HeapRegionSize                         = 1048576                                   {product} {ergonomic}
    uintx GCDrainStackTargetSize                   = 64                                        {product} {ergonomic}
   size_t InitialHeapSize                          = 134217728                                 {product} {ergonomic}
   size_t MarkStackSize                            = 4194304                                   {product} {ergonomic}
   size_t MaxHeapSize                              = 2118123520                                {product} {ergonomic}
   size_t MaxNewSize                               = 1270874112                                {product} {ergonomic}
   size_t MinHeapDeltaBytes                        = 1048576                                   {product} {ergonomic}
   size_t MinHeapSize                              = 8388608                                   {product} {ergonomic}
    uintx NonNMethodCodeHeapSize                   = 5839372                                {pd product} {ergonomic}
    uintx NonProfiledCodeHeapSize                  = 122909434                              {pd product} {ergonomic}
    uintx ProfiledCodeHeapSize                     = 122909434                              {pd product} {ergonomic}
    uintx ReservedCodeCacheSize                    = 251658240                              {pd product} {ergonomic}
     bool SegmentedCodeCache                       = true                                      {product} {ergonomic}
     bool ShowCodeDetailsInExceptionMessages       = true                                   {manageable} {command line}
   size_t SoftMaxHeapSize                          = 2118123520                             {manageable} {ergonomic}
     bool UseCompressedClassPointers               = true                           {product lp64_product} {ergonomic}
     bool UseCompressedOops                        = true                           {product lp64_product} {ergonomic}
     bool UseG1GC                                  = true                                      {product} {ergonomic}
     bool UseLargePagesIndividualAllocation        = false                                  {pd product} {ergonomic}

Logging:
Log output configuration:
 #0: stdout all=warning uptime,level,tags
 #1: stderr all=off uptime,level,tags

Environment Variables:
PATH=C:/Program Files/Eclipse Adoptium/jdk-17.0.2.8-hotspot/bin/server;C:/Program Files/Eclipse Adoptium/jdk-17.0.2.8-hotspot/bin;C:\Python312\Scripts\;C:\Python312\;D:\oracle\product\10.2.0\db_2\bin;C:\Python311\Scripts\;C:\Python311\;C:\Python27\;C:\Python27\Scripts;C:\Program Files\Eclipse Adoptium\jdk-17.0.2.8-hotspot\bin;C:\Python310\Scripts\;C:\Python310\;C:\WINDOWS\system32;C:\WINDOWS;C:\WINDOWS\System32\Wbem;C:\WINDOWS\System32\WindowsPowerShell\v1.0\;C:\WINDOWS\System32\OpenSSH\;C:\Program Files\Git\cmd;C:\ProgramData\chocolatey\bin;C:\Program Files\MongoDB\Server\5.0\bin;C:\Program Files\dotnet\;C:\mingw64\bin;C:\mingw32\bin;;C:\TDM-GCC-32\bin;C:\Program Files\nodejs\;C:\Program Files\MySQL\MySQL Shell 8.0\bin\;C:\Users\91737\AppData\Local\Microsoft\WindowsApps;C:\Users\91737\Downloads\platform-tools_r30.0.4-windows\platform-tools;C:\Program Files\JetBrains\PyCharm Community Edition 2021.1.1\bin;;C:\src\flutter\bin;C:\Users\91737\AppData\Local\Programs\Microsoft VS Code\bin;C:\Program Files\heroku\bin;C:\MinGW\bin;C:\Users\91737\AppData\Roaming\npm;C:\Users\91737\OneDrive\Desktop;
USERNAME=91737
OS=Windows_NT
PROCESSOR_IDENTIFIER=Intel64 Family 6 Model 142 Stepping 10, GenuineIntel



---------------  S Y S T E M  ---------------

OS:
 Windows 11 , 64 bit Build 22621 (10.0.22621.2428)
OS uptime: 0 days 4:48 hours

CPU: total 8 (initial active 8) (4 cores per cpu, 2 threads per core) family 6 model 142 stepping 10 microcode 0xe0, cx8, cmov, fxsr, ht, mmx, 3dnowpref, sse, sse2, sse3, ssse3, sse4.1, sse4.2, popcnt, lzcnt, tsc, tscinvbit, avx, avx2, aes, erms, clmul, bmi1, bmi2, adx, fma, vzeroupper, clflush, clflushopt

Memory: 4k page, system-wide physical 8078M (510M free)
TotalPageFile size 13031M (AvailPageFile size 0M)
current process WorkingSet (physical memory assigned to process): 107M, peak: 107M
current process commit charge ("private bytes"): 217M, peak: 364M

vm_info: OpenJDK 64-Bit Server VM (17.0.2+8) for windows-amd64 JRE (17.0.2+8), built on Jan 20 2022 04:52:34 by "" with MS VC++ 16.7 (VS2019)

END.
