#
# There is insufficient memory for the Java Runtime Environment to continue.
# Native memory allocation (mmap) failed to map 135266304 bytes for G1 virtual space
# Possible reasons:
#   The system is out of physical RAM or swap space
#   The process is running with CompressedOops enabled, and the Java Heap may be blocking the growth of the native heap
# Possible solutions:
#   Reduce memory load on the system
#   Increase physical memory or swap space
#   Check if swap backing store is full
#   Decrease Java heap size (-Xmx/-Xms)
#   Decrease number of Java threads
#   Decrease Java thread stack sizes (-Xss)
#   Set larger code cache with -XX:ReservedCodeCacheSize=
#   JVM is running with Unscaled Compressed Oops mode in which the Java heap is
#     placed in the first 4GB address space. The Java Heap base address is the
#     maximum limit for the native heap growth. Please use -XX:HeapBaseMinAddress
#     to set the Java Heap base and to place the Java Heap above 4GB virtual address.
# This output file may be truncated or incomplete.
#
#  Out of Memory Error (os_windows.cpp:3532), pid=3932, tid=9796
#
# JRE version: OpenJDK Runtime Environment Temurin-17.0.2+8 (17.0.2+8) (build 17.0.2+8)
# Java VM: OpenJDK 64-Bit Server VM Temurin-17.0.2+8 (17.0.2+8, mixed mode, sharing, tiered, compressed oops, compressed class ptrs, g1 gc, windows-amd64)
# No core dump will be written. Minidumps are not enabled by default on client versions of Windows
#

---------------  S U M M A R Y ------------

Command Line: -XX:+ShowCodeDetailsInExceptionMessages -agentlib:jdwp=transport=dt_socket,suspend=y,address=localhost:49930 -javaagent:C:\Users\91737\eclipse\jee-2020-09\eclipse\configuration\org.eclipse.osgi\1157\0\.cp\lib\javaagent-shaded.jar -Dfile.encoding=Cp1252 --module-path=C:\Users\91737\git\repository\qspiders\bin -Djdk.module.main=qspiders qspiders/com.qspiders.practice.ChangeIp

Host: Intel(R) Core(TM) i5-8250U CPU @ 1.60GHz, 8 cores, 7G,  Windows 11 , 64 bit Build 22621 (10.0.22621.2428)
Time: Wed Nov  8 14:41:12 2023 India Standard Time elapsed time: 13.504100 seconds (0d 0h 0m 13s)

---------------  T H R E A D  ---------------

Current thread (0x0000027c7f3cd180):  VMThread "VM Thread" [stack: 0x000000a4a8000000,0x000000a4a8100000] [id=9796]

Stack: [0x000000a4a8000000,0x000000a4a8100000]
Native frames: (J=compiled Java code, j=interpreted, Vv=VM code, C=native code)
V  [jvm.dll+0x67564a]
V  [jvm.dll+0x82fc04]
V  [jvm.dll+0x8313ae]
V  [jvm.dll+0x831a13]
V  [jvm.dll+0x245235]
V  [jvm.dll+0x672539]
V  [jvm.dll+0x666e82]
V  [jvm.dll+0x30401b]
V  [jvm.dll+0x30b566]
V  [jvm.dll+0x35b1fe]
V  [jvm.dll+0x35b42f]
V  [jvm.dll+0x2daf58]
V  [jvm.dll+0x2d920c]
V  [jvm.dll+0x2d87dc]
V  [jvm.dll+0x31c941]
V  [jvm.dll+0x835ebb]
V  [jvm.dll+0x836bf4]
V  [jvm.dll+0x83710c]
V  [jvm.dll+0x8374e4]
V  [jvm.dll+0x8375b0]
V  [jvm.dll+0x7dff2a]
V  [jvm.dll+0x6744d5]
C  [ucrtbase.dll+0x29363]
C  [KERNEL32.DLL+0x1257d]
C  [ntdll.dll+0x5aa78]

VM_Operation (0x000000a4a7aff140): G1TryInitiateConcMark, mode: safepoint, requested by thread 0x0000027c79a9b690


---------------  P R O C E S S  ---------------

Threads class SMR info:
_java_thread_list=0x0000027c1b7d2430, length=15, elements={
0x0000027c79a9b690, 0x0000027c7f3d1910, 0x0000027c7f3d2780, 0x0000027c7f3e7fd0,
0x0000027c7f3e8b80, 0x0000027c7f3eb640, 0x0000027c7f3ebff0, 0x0000027c7f3eccd0,
0x0000027c7f45cde0, 0x0000027c7f462ac0, 0x0000027c1b44c9f0, 0x0000027c1b607a90,
0x0000027c1b5de180, 0x0000027c1b5e0680, 0x0000027c1b6b89e0
}

Java Threads: ( => current thread )
  0x0000027c79a9b690 JavaThread "main" [_thread_blocked, id=7056, stack(0x000000a4a7a00000,0x000000a4a7b00000)]
  0x0000027c7f3d1910 JavaThread "Reference Handler" daemon [_thread_blocked, id=7816, stack(0x000000a4a8100000,0x000000a4a8200000)]
  0x0000027c7f3d2780 JavaThread "Finalizer" daemon [_thread_blocked, id=3352, stack(0x000000a4a8200000,0x000000a4a8300000)]
  0x0000027c7f3e7fd0 JavaThread "Signal Dispatcher" daemon [_thread_blocked, id=3308, stack(0x000000a4a8300000,0x000000a4a8400000)]
  0x0000027c7f3e8b80 JavaThread "Attach Listener" daemon [_thread_blocked, id=4052, stack(0x000000a4a8400000,0x000000a4a8500000)]
  0x0000027c7f3eb640 JavaThread "Service Thread" daemon [_thread_blocked, id=2376, stack(0x000000a4a8500000,0x000000a4a8600000)]
  0x0000027c7f3ebff0 JavaThread "Monitor Deflation Thread" daemon [_thread_blocked, id=6164, stack(0x000000a4a8600000,0x000000a4a8700000)]
  0x0000027c7f3eccd0 JavaThread "C2 CompilerThread0" daemon [_thread_blocked, id=8340, stack(0x000000a4a8700000,0x000000a4a8800000)]
  0x0000027c7f45cde0 JavaThread "C1 CompilerThread0" daemon [_thread_blocked, id=3396, stack(0x000000a4a8800000,0x000000a4a8900000)]
  0x0000027c7f462ac0 JavaThread "Sweeper thread" daemon [_thread_blocked, id=8912, stack(0x000000a4a8900000,0x000000a4a8a00000)]
  0x0000027c1b44c9f0 JavaThread "Common-Cleaner" daemon [_thread_blocked, id=528, stack(0x000000a4a8a00000,0x000000a4a8b00000)]
  0x0000027c1b607a90 JavaThread "JDWP Transport Listener: dt_socket" daemon [_thread_blocked, id=6204, stack(0x000000a4a8b00000,0x000000a4a8c00000)]
  0x0000027c1b5de180 JavaThread "JDWP Event Helper Thread" daemon [_thread_blocked, id=1140, stack(0x000000a4a8c00000,0x000000a4a8d00000)]
  0x0000027c1b5e0680 JavaThread "JDWP Command Reader" daemon [_thread_in_native, id=5572, stack(0x000000a4a8d00000,0x000000a4a8e00000)]
  0x0000027c1b6b89e0 JavaThread "Notification Thread" daemon [_thread_blocked, id=3184, stack(0x000000a4a8e00000,0x000000a4a8f00000)]

Other Threads:
=>0x0000027c7f3cd180 VMThread "VM Thread" [stack: 0x000000a4a8000000,0x000000a4a8100000] [id=9796]
  0x0000027c1b7feb30 WatcherThread [stack: 0x000000a4a8f00000,0x000000a4a9000000] [id=4356]
  0x0000027c79adb0d0 GCTaskThread "GC Thread#0" [stack: 0x000000a4a7b00000,0x000000a4a7c00000] [id=2488]
  0x0000027c1bc2ad90 GCTaskThread "GC Thread#1" [stack: 0x000000a4a9000000,0x000000a4a9100000] [id=4388]
  0x0000027c1b7fe7b0 GCTaskThread "GC Thread#2" [stack: 0x000000a4a9100000,0x000000a4a9200000] [id=6900]
  0x0000027c1b7fde10 GCTaskThread "GC Thread#3" [stack: 0x000000a4a9200000,0x000000a4a9300000] [id=7764]
  0x0000027c1b7fe0c0 GCTaskThread "GC Thread#4" [stack: 0x000000a4a9300000,0x000000a4a9400000] [id=8184]
  0x0000027c1bbf0830 GCTaskThread "GC Thread#5" [stack: 0x000000a4a9400000,0x000000a4a9500000] [id=312]
  0x0000027c79aecca0 ConcurrentGCThread "G1 Main Marker" [stack: 0x000000a4a7c00000,0x000000a4a7d00000] [id=1188]
  0x0000027c79aee6c0 ConcurrentGCThread "G1 Conc#0" [stack: 0x000000a4a7d00000,0x000000a4a7e00000] [id=4496]
  0x0000027c7f2910a0 ConcurrentGCThread "G1 Refine#0" [stack: 0x000000a4a7e00000,0x000000a4a7f00000] [id=4784]
  0x0000027c7f291ac0 ConcurrentGCThread "G1 Service" [stack: 0x000000a4a7f00000,0x000000a4a8000000] [id=1196]

Threads with active compile tasks:

VM state: at safepoint (normal execution)

VM Mutex/Monitor currently owned by a thread:  ([mutex/lock_event])
[0x0000027c79a8bd50] Threads_lock - owner thread: 0x0000027c7f3cd180
[0x0000027c79a96a30] Heap_lock - owner thread: 0x0000027c79a9b690

Heap address: 0x0000000081c00000, size: 2020 MB, Compressed Oops mode: 32-bit

CDS archive(s) mapped at: [0x0000000800000000-0x0000000800bc0000-0x0000000800bc0000), size 12320768, SharedBaseAddress: 0x0000000800000000, ArchiveRelocationMode: 0.
Compressed class space mapped at: 0x0000000800c00000-0x0000000840c00000, reserved size: 1073741824
Narrow klass base: 0x0000000800000000, Narrow klass shift: 0, Narrow klass range: 0x100000000

GC Precious Log:
 CPUs: 8 total, 8 available
 Memory: 8078M
 Large Page Support: Disabled
 NUMA Support: Disabled
 Compressed Oops: Enabled (32-bit)
 Heap Region Size: 1M
 Heap Min Capacity: 8M
 Heap Initial Capacity: 128M
 Heap Max Capacity: 2020M
 Pre-touch: Disabled
 Parallel Workers: 8
 Concurrent Workers: 2
 Concurrent Refinement Workers: 8
 Periodic GC: Disabled

Heap:
 garbage-first heap   total 131072K, used 65978K [0x0000000081c00000, 0x0000000100000000)
  region size 1024K, 2 young (2048K), 2 survivors (2048K)
 Metaspace       used 2993K, committed 3136K, reserved 1056768K
  class space    used 281K, committed 384K, reserved 1048576K

Heap Regions: E=young(eden), S=young(survivor), O=old, HS=humongous(starts), HC=humongous(continues), CS=collection set, F=free, OA=open archive, CA=closed archive, TAMS=top-at-mark-start (previous, next)
|   0|0x0000000081c00000, 0x0000000081d00000, 0x0000000081d00000|100%|HS|  |TAMS 0x0000000081c00000, 0x0000000081d00000| Complete 
|   1|0x0000000081d00000, 0x0000000081e00000, 0x0000000081e00000|100%|HC|  |TAMS 0x0000000081d00000, 0x0000000081e00000| Complete 
|   2|0x0000000081e00000, 0x0000000081f00000, 0x0000000081f00000|100%|HC|  |TAMS 0x0000000081e00000, 0x0000000081f00000| Complete 
|   3|0x0000000081f00000, 0x0000000082000000, 0x0000000082000000|100%|HC|  |TAMS 0x0000000081f00000, 0x0000000082000000| Complete 
|   4|0x0000000082000000, 0x0000000082100000, 0x0000000082100000|100%|HC|  |TAMS 0x0000000082000000, 0x0000000082100000| Complete 
|   5|0x0000000082100000, 0x0000000082200000, 0x0000000082200000|100%|HC|  |TAMS 0x0000000082100000, 0x0000000082200000| Complete 
|   6|0x0000000082200000, 0x0000000082300000, 0x0000000082300000|100%|HC|  |TAMS 0x0000000082200000, 0x0000000082300000| Complete 
|   7|0x0000000082300000, 0x0000000082400000, 0x0000000082400000|100%|HC|  |TAMS 0x0000000082300000, 0x0000000082400000| Complete 
|   8|0x0000000082400000, 0x0000000082500000, 0x0000000082500000|100%|HC|  |TAMS 0x0000000082400000, 0x0000000082500000| Complete 
|   9|0x0000000082500000, 0x0000000082600000, 0x0000000082600000|100%|HC|  |TAMS 0x0000000082500000, 0x0000000082600000| Complete 
|  10|0x0000000082600000, 0x0000000082700000, 0x0000000082700000|100%|HC|  |TAMS 0x0000000082600000, 0x0000000082700000| Complete 
|  11|0x0000000082700000, 0x0000000082800000, 0x0000000082800000|100%|HC|  |TAMS 0x0000000082700000, 0x0000000082800000| Complete 
|  12|0x0000000082800000, 0x0000000082900000, 0x0000000082900000|100%|HC|  |TAMS 0x0000000082800000, 0x0000000082900000| Complete 
|  13|0x0000000082900000, 0x0000000082a00000, 0x0000000082a00000|100%|HC|  |TAMS 0x0000000082900000, 0x0000000082a00000| Complete 
|  14|0x0000000082a00000, 0x0000000082b00000, 0x0000000082b00000|100%|HC|  |TAMS 0x0000000082a00000, 0x0000000082b00000| Complete 
|  15|0x0000000082b00000, 0x0000000082c00000, 0x0000000082c00000|100%|HC|  |TAMS 0x0000000082b00000, 0x0000000082c00000| Complete 
|  16|0x0000000082c00000, 0x0000000082d00000, 0x0000000082d00000|100%|HC|  |TAMS 0x0000000082c00000, 0x0000000082d00000| Complete 
|  17|0x0000000082d00000, 0x0000000082e00000, 0x0000000082e00000|100%|HC|  |TAMS 0x0000000082d00000, 0x0000000082e00000| Complete 
|  18|0x0000000082e00000, 0x0000000082f00000, 0x0000000082f00000|100%|HC|  |TAMS 0x0000000082e00000, 0x0000000082f00000| Complete 
|  19|0x0000000082f00000, 0x0000000083000000, 0x0000000083000000|100%|HC|  |TAMS 0x0000000082f00000, 0x0000000083000000| Complete 
|  20|0x0000000083000000, 0x0000000083100000, 0x0000000083100000|100%|HC|  |TAMS 0x0000000083000000, 0x0000000083100000| Complete 
|  21|0x0000000083100000, 0x0000000083200000, 0x0000000083200000|100%|HS|  |TAMS 0x0000000083100000, 0x0000000083200000| Complete 
|  22|0x0000000083200000, 0x0000000083300000, 0x0000000083300000|100%|HC|  |TAMS 0x0000000083200000, 0x0000000083300000| Complete 
|  23|0x0000000083300000, 0x0000000083400000, 0x0000000083400000|100%|HC|  |TAMS 0x0000000083300000, 0x0000000083400000| Complete 
|  24|0x0000000083400000, 0x0000000083500000, 0x0000000083500000|100%|HC|  |TAMS 0x0000000083400000, 0x0000000083500000| Complete 
|  25|0x0000000083500000, 0x0000000083600000, 0x0000000083600000|100%|HC|  |TAMS 0x0000000083500000, 0x0000000083600000| Complete 
|  26|0x0000000083600000, 0x0000000083700000, 0x0000000083700000|100%|HC|  |TAMS 0x0000000083600000, 0x0000000083700000| Complete 
|  27|0x0000000083700000, 0x0000000083800000, 0x0000000083800000|100%|HC|  |TAMS 0x0000000083700000, 0x0000000083800000| Complete 
|  28|0x0000000083800000, 0x0000000083900000, 0x0000000083900000|100%|HC|  |TAMS 0x0000000083800000, 0x0000000083900000| Complete 
|  29|0x0000000083900000, 0x0000000083a00000, 0x0000000083a00000|100%|HC|  |TAMS 0x0000000083900000, 0x0000000083a00000| Complete 
|  30|0x0000000083a00000, 0x0000000083b00000, 0x0000000083b00000|100%|HC|  |TAMS 0x0000000083a00000, 0x0000000083b00000| Complete 
|  31|0x0000000083b00000, 0x0000000083c00000, 0x0000000083c00000|100%|HC|  |TAMS 0x0000000083b00000, 0x0000000083c00000| Complete 
|  32|0x0000000083c00000, 0x0000000083d00000, 0x0000000083d00000|100%|HC|  |TAMS 0x0000000083c00000, 0x0000000083d00000| Complete 
|  33|0x0000000083d00000, 0x0000000083e00000, 0x0000000083e00000|100%|HC|  |TAMS 0x0000000083d00000, 0x0000000083e00000| Complete 
|  34|0x0000000083e00000, 0x0000000083f00000, 0x0000000083f00000|100%|HC|  |TAMS 0x0000000083e00000, 0x0000000083f00000| Complete 
|  35|0x0000000083f00000, 0x0000000084000000, 0x0000000084000000|100%|HC|  |TAMS 0x0000000083f00000, 0x0000000084000000| Complete 
|  36|0x0000000084000000, 0x0000000084100000, 0x0000000084100000|100%|HC|  |TAMS 0x0000000084000000, 0x0000000084100000| Complete 
|  37|0x0000000084100000, 0x0000000084200000, 0x0000000084200000|100%|HC|  |TAMS 0x0000000084100000, 0x0000000084200000| Complete 
|  38|0x0000000084200000, 0x0000000084300000, 0x0000000084300000|100%|HC|  |TAMS 0x0000000084200000, 0x0000000084300000| Complete 
|  39|0x0000000084300000, 0x0000000084400000, 0x0000000084400000|100%|HC|  |TAMS 0x0000000084300000, 0x0000000084400000| Complete 
|  40|0x0000000084400000, 0x0000000084500000, 0x0000000084500000|100%|HC|  |TAMS 0x0000000084400000, 0x0000000084500000| Complete 
|  41|0x0000000084500000, 0x0000000084600000, 0x0000000084600000|100%|HC|  |TAMS 0x0000000084500000, 0x0000000084600000| Complete 
|  42|0x0000000084600000, 0x0000000084600000, 0x0000000084700000|  0%| F|  |TAMS 0x0000000084600000, 0x0000000084600000| Untracked 
|  43|0x0000000084700000, 0x0000000084800000, 0x0000000084800000|100%|HS|  |TAMS 0x0000000084700000, 0x0000000084800000| Complete 
|  44|0x0000000084800000, 0x0000000084900000, 0x0000000084900000|100%|HC|  |TAMS 0x0000000084800000, 0x0000000084900000| Complete 
|  45|0x0000000084900000, 0x0000000084a00000, 0x0000000084a00000|100%|HC|  |TAMS 0x0000000084900000, 0x0000000084a00000| Complete 
|  46|0x0000000084a00000, 0x0000000084b00000, 0x0000000084b00000|100%|HC|  |TAMS 0x0000000084a00000, 0x0000000084b00000| Complete 
|  47|0x0000000084b00000, 0x0000000084c00000, 0x0000000084c00000|100%|HC|  |TAMS 0x0000000084b00000, 0x0000000084c00000| Complete 
|  48|0x0000000084c00000, 0x0000000084d00000, 0x0000000084d00000|100%|HC|  |TAMS 0x0000000084c00000, 0x0000000084d00000| Complete 
|  49|0x0000000084d00000, 0x0000000084e00000, 0x0000000084e00000|100%|HC|  |TAMS 0x0000000084d00000, 0x0000000084e00000| Complete 
|  50|0x0000000084e00000, 0x0000000084f00000, 0x0000000084f00000|100%|HC|  |TAMS 0x0000000084e00000, 0x0000000084f00000| Complete 
|  51|0x0000000084f00000, 0x0000000085000000, 0x0000000085000000|100%|HC|  |TAMS 0x0000000084f00000, 0x0000000085000000| Complete 
|  52|0x0000000085000000, 0x0000000085100000, 0x0000000085100000|100%|HC|  |TAMS 0x0000000085000000, 0x0000000085100000| Complete 
|  53|0x0000000085100000, 0x0000000085200000, 0x0000000085200000|100%|HC|  |TAMS 0x0000000085100000, 0x0000000085200000| Complete 
|  54|0x0000000085200000, 0x0000000085300000, 0x0000000085300000|100%|HC|  |TAMS 0x0000000085200000, 0x0000000085300000| Complete 
|  55|0x0000000085300000, 0x0000000085400000, 0x0000000085400000|100%|HC|  |TAMS 0x0000000085300000, 0x0000000085400000| Complete 
|  56|0x0000000085400000, 0x0000000085500000, 0x0000000085500000|100%|HC|  |TAMS 0x0000000085400000, 0x0000000085500000| Complete 
|  57|0x0000000085500000, 0x0000000085600000, 0x0000000085600000|100%|HC|  |TAMS 0x0000000085500000, 0x0000000085600000| Complete 
|  58|0x0000000085600000, 0x0000000085700000, 0x0000000085700000|100%|HC|  |TAMS 0x0000000085600000, 0x0000000085700000| Complete 
|  59|0x0000000085700000, 0x0000000085800000, 0x0000000085800000|100%|HC|  |TAMS 0x0000000085700000, 0x0000000085800000| Complete 
|  60|0x0000000085800000, 0x0000000085900000, 0x0000000085900000|100%|HC|  |TAMS 0x0000000085800000, 0x0000000085900000| Complete 
|  61|0x0000000085900000, 0x0000000085a00000, 0x0000000085a00000|100%|HC|  |TAMS 0x0000000085900000, 0x0000000085a00000| Complete 
|  62|0x0000000085a00000, 0x0000000085b00000, 0x0000000085b00000|100%|HC|  |TAMS 0x0000000085a00000, 0x0000000085b00000| Complete 
|  63|0x0000000085b00000, 0x0000000085c00000, 0x0000000085c00000|100%|HC|  |TAMS 0x0000000085b00000, 0x0000000085c00000| Complete 
|  64|0x0000000085c00000, 0x0000000085c00000, 0x0000000085d00000|  0%| F|  |TAMS 0x0000000085c00000, 0x0000000085c00000| Untracked 
|  65|0x0000000085d00000, 0x0000000085d00000, 0x0000000085e00000|  0%| F|  |TAMS 0x0000000085d00000, 0x0000000085d00000| Untracked 
|  66|0x0000000085e00000, 0x0000000085e00000, 0x0000000085f00000|  0%| F|  |TAMS 0x0000000085e00000, 0x0000000085e00000| Untracked 
|  67|0x0000000085f00000, 0x0000000085f00000, 0x0000000086000000|  0%| F|  |TAMS 0x0000000085f00000, 0x0000000085f00000| Untracked 
|  68|0x0000000086000000, 0x0000000086000000, 0x0000000086100000|  0%| F|  |TAMS 0x0000000086000000, 0x0000000086000000| Untracked 
|  69|0x0000000086100000, 0x0000000086100000, 0x0000000086200000|  0%| F|  |TAMS 0x0000000086100000, 0x0000000086100000| Untracked 
|  70|0x0000000086200000, 0x0000000086200000, 0x0000000086300000|  0%| F|  |TAMS 0x0000000086200000, 0x0000000086200000| Untracked 
|  71|0x0000000086300000, 0x0000000086300000, 0x0000000086400000|  0%| F|  |TAMS 0x0000000086300000, 0x0000000086300000| Untracked 
|  72|0x0000000086400000, 0x0000000086400000, 0x0000000086500000|  0%| F|  |TAMS 0x0000000086400000, 0x0000000086400000| Untracked 
|  73|0x0000000086500000, 0x0000000086500000, 0x0000000086600000|  0%| F|  |TAMS 0x0000000086500000, 0x0000000086500000| Untracked 
|  74|0x0000000086600000, 0x0000000086600000, 0x0000000086700000|  0%| F|  |TAMS 0x0000000086600000, 0x0000000086600000| Untracked 
|  75|0x0000000086700000, 0x0000000086700000, 0x0000000086800000|  0%| F|  |TAMS 0x0000000086700000, 0x0000000086700000| Untracked 
|  76|0x0000000086800000, 0x0000000086800000, 0x0000000086900000|  0%| F|  |TAMS 0x0000000086800000, 0x0000000086800000| Untracked 
|  77|0x0000000086900000, 0x0000000086900000, 0x0000000086a00000|  0%| F|  |TAMS 0x0000000086900000, 0x0000000086900000| Untracked 
|  78|0x0000000086a00000, 0x0000000086a00000, 0x0000000086b00000|  0%| F|  |TAMS 0x0000000086a00000, 0x0000000086a00000| Untracked 
|  79|0x0000000086b00000, 0x0000000086b00000, 0x0000000086c00000|  0%| F|  |TAMS 0x0000000086b00000, 0x0000000086b00000| Untracked 
|  80|0x0000000086c00000, 0x0000000086c00000, 0x0000000086d00000|  0%| F|  |TAMS 0x0000000086c00000, 0x0000000086c00000| Untracked 
|  81|0x0000000086d00000, 0x0000000086d00000, 0x0000000086e00000|  0%| F|  |TAMS 0x0000000086d00000, 0x0000000086d00000| Untracked 
|  82|0x0000000086e00000, 0x0000000086e00000, 0x0000000086f00000|  0%| F|  |TAMS 0x0000000086e00000, 0x0000000086e00000| Untracked 
|  83|0x0000000086f00000, 0x0000000086f00000, 0x0000000087000000|  0%| F|  |TAMS 0x0000000086f00000, 0x0000000086f00000| Untracked 
|  84|0x0000000087000000, 0x0000000087000000, 0x0000000087100000|  0%| F|  |TAMS 0x0000000087000000, 0x0000000087000000| Untracked 
|  85|0x0000000087100000, 0x0000000087100000, 0x0000000087200000|  0%| F|  |TAMS 0x0000000087100000, 0x0000000087100000| Untracked 
|  86|0x0000000087200000, 0x0000000087200000, 0x0000000087300000|  0%| F|  |TAMS 0x0000000087200000, 0x0000000087200000| Untracked 
|  87|0x0000000087300000, 0x0000000087300000, 0x0000000087400000|  0%| F|  |TAMS 0x0000000087300000, 0x0000000087300000| Untracked 
|  88|0x0000000087400000, 0x0000000087400000, 0x0000000087500000|  0%| F|  |TAMS 0x0000000087400000, 0x0000000087400000| Untracked 
|  89|0x0000000087500000, 0x0000000087500000, 0x0000000087600000|  0%| F|  |TAMS 0x0000000087500000, 0x0000000087500000| Untracked 
|  90|0x0000000087600000, 0x0000000087600000, 0x0000000087700000|  0%| F|  |TAMS 0x0000000087600000, 0x0000000087600000| Untracked 
|  91|0x0000000087700000, 0x0000000087700000, 0x0000000087800000|  0%| F|  |TAMS 0x0000000087700000, 0x0000000087700000| Untracked 
|  92|0x0000000087800000, 0x0000000087800000, 0x0000000087900000|  0%| F|  |TAMS 0x0000000087800000, 0x0000000087800000| Untracked 
|  93|0x0000000087900000, 0x0000000087900000, 0x0000000087a00000|  0%| F|  |TAMS 0x0000000087900000, 0x0000000087900000| Untracked 
|  94|0x0000000087a00000, 0x0000000087a00000, 0x0000000087b00000|  0%| F|  |TAMS 0x0000000087a00000, 0x0000000087a00000| Untracked 
|  95|0x0000000087b00000, 0x0000000087b00000, 0x0000000087c00000|  0%| F|  |TAMS 0x0000000087b00000, 0x0000000087b00000| Untracked 
|  96|0x0000000087c00000, 0x0000000087c00000, 0x0000000087d00000|  0%| F|  |TAMS 0x0000000087c00000, 0x0000000087c00000| Untracked 
|  97|0x0000000087d00000, 0x0000000087d00000, 0x0000000087e00000|  0%| F|  |TAMS 0x0000000087d00000, 0x0000000087d00000| Untracked 
|  98|0x0000000087e00000, 0x0000000087e00000, 0x0000000087f00000|  0%| F|  |TAMS 0x0000000087e00000, 0x0000000087e00000| Untracked 
|  99|0x0000000087f00000, 0x0000000087f00000, 0x0000000088000000|  0%| F|  |TAMS 0x0000000087f00000, 0x0000000087f00000| Untracked 
| 100|0x0000000088000000, 0x0000000088000000, 0x0000000088100000|  0%| F|  |TAMS 0x0000000088000000, 0x0000000088000000| Untracked 
| 101|0x0000000088100000, 0x0000000088100000, 0x0000000088200000|  0%| F|  |TAMS 0x0000000088100000, 0x0000000088100000| Untracked 
| 102|0x0000000088200000, 0x0000000088200000, 0x0000000088300000|  0%| F|  |TAMS 0x0000000088200000, 0x0000000088200000| Untracked 
| 103|0x0000000088300000, 0x0000000088300000, 0x0000000088400000|  0%| F|  |TAMS 0x0000000088300000, 0x0000000088300000| Untracked 
| 104|0x0000000088400000, 0x0000000088400000, 0x0000000088500000|  0%| F|  |TAMS 0x0000000088400000, 0x0000000088400000| Untracked 
| 105|0x0000000088500000, 0x0000000088500000, 0x0000000088600000|  0%| F|  |TAMS 0x0000000088500000, 0x0000000088500000| Untracked 
| 106|0x0000000088600000, 0x0000000088600000, 0x0000000088700000|  0%| F|  |TAMS 0x0000000088600000, 0x0000000088600000| Untracked 
| 107|0x0000000088700000, 0x0000000088700000, 0x0000000088800000|  0%| F|  |TAMS 0x0000000088700000, 0x0000000088700000| Untracked 
| 108|0x0000000088800000, 0x0000000088800000, 0x0000000088900000|  0%| F|  |TAMS 0x0000000088800000, 0x0000000088800000| Untracked 
| 109|0x0000000088900000, 0x0000000088900000, 0x0000000088a00000|  0%| F|  |TAMS 0x0000000088900000, 0x0000000088900000| Untracked 
| 110|0x0000000088a00000, 0x0000000088a00000, 0x0000000088b00000|  0%| F|  |TAMS 0x0000000088a00000, 0x0000000088a00000| Untracked 
| 111|0x0000000088b00000, 0x0000000088b00000, 0x0000000088c00000|  0%| F|  |TAMS 0x0000000088b00000, 0x0000000088b00000| Untracked 
| 112|0x0000000088c00000, 0x0000000088c00000, 0x0000000088d00000|  0%| F|  |TAMS 0x0000000088c00000, 0x0000000088c00000| Untracked 
| 113|0x0000000088d00000, 0x0000000088d00000, 0x0000000088e00000|  0%| F|  |TAMS 0x0000000088d00000, 0x0000000088d00000| Untracked 
| 114|0x0000000088e00000, 0x0000000088e00000, 0x0000000088f00000|  0%| F|  |TAMS 0x0000000088e00000, 0x0000000088e00000| Untracked 
| 115|0x0000000088f00000, 0x0000000088f00000, 0x0000000089000000|  0%| F|  |TAMS 0x0000000088f00000, 0x0000000088f00000| Untracked 
| 116|0x0000000089000000, 0x0000000089000000, 0x0000000089100000|  0%| F|  |TAMS 0x0000000089000000, 0x0000000089000000| Untracked 
| 117|0x0000000089100000, 0x0000000089100000, 0x0000000089200000|  0%| F|  |TAMS 0x0000000089100000, 0x0000000089100000| Untracked 
| 118|0x0000000089200000, 0x0000000089200000, 0x0000000089300000|  0%| F|  |TAMS 0x0000000089200000, 0x0000000089200000| Untracked 
| 119|0x0000000089300000, 0x0000000089300000, 0x0000000089400000|  0%| F|  |TAMS 0x0000000089300000, 0x0000000089300000| Untracked 
| 120|0x0000000089400000, 0x0000000089400000, 0x0000000089500000|  0%| F|  |TAMS 0x0000000089400000, 0x0000000089400000| Untracked 
| 121|0x0000000089500000, 0x0000000089500000, 0x0000000089600000|  0%| F|  |TAMS 0x0000000089500000, 0x0000000089500000| Untracked 
| 122|0x0000000089600000, 0x0000000089600000, 0x0000000089700000|  0%| F|  |TAMS 0x0000000089600000, 0x0000000089600000| Untracked 
| 123|0x0000000089700000, 0x000000008976e960, 0x0000000089800000| 43%| S|CS|TAMS 0x0000000089700000, 0x0000000089700000| Complete 
| 124|0x0000000089800000, 0x0000000089800000, 0x0000000089900000|  0%| F|  |TAMS 0x0000000089800000, 0x0000000089800000| Untracked 
| 125|0x0000000089900000, 0x0000000089a00000, 0x0000000089a00000|100%| S|CS|TAMS 0x0000000089900000, 0x0000000089900000| Complete 
| 126|0x0000000089a00000, 0x0000000089a00000, 0x0000000089b00000|  0%| F|  |TAMS 0x0000000089a00000, 0x0000000089a00000| Untracked 
| 127|0x0000000089b00000, 0x0000000089b00000, 0x0000000089c00000|  0%| F|  |TAMS 0x0000000089b00000, 0x0000000089b00000| Untracked 

Card table byte_map: [0x0000027c7c1b0000,0x0000027c7c5b0000] _byte_map_base: 0x0000027c7bda2000

Marking Bits (Prev, Next): (CMBitMap*) 0x0000027c79adc6f0, (CMBitMap*) 0x0000027c79adc730
 Prev Bits: [0x0000027c7c9b0000, 0x0000027c7e940000)
 Next Bits: [0x0000027c169f0000, 0x0000027c18980000)

Polling page: 0x0000027c79b70000

Metaspace:

Usage:
  Non-class:      2.65 MB used.
      Class:    281.35 KB used.
       Both:      2.92 MB used.

Virtual space:
  Non-class space:        8.00 MB reserved,       2.69 MB ( 34%) committed,  1 nodes.
      Class space:        1.00 GB reserved,     384.00 KB ( <1%) committed,  1 nodes.
             Both:        1.01 GB reserved,       3.06 MB ( <1%) committed. 

Chunk freelists:
   Non-Class:  3.77 MB
       Class:  3.59 MB
        Both:  7.36 MB

MaxMetaspaceSize: unlimited
CompressedClassSpaceSize: 1.00 GB
Initial GC threshold: 21.00 MB
Current GC threshold: 21.00 MB
CDS: on
MetaspaceReclaimPolicy: balanced
 - commit_granule_bytes: 65536.
 - commit_granule_words: 8192.
 - virtual_space_node_default_size: 1048576.
 - enlarge_chunks_in_place: 1.
 - new_chunks_are_fully_committed: 0.
 - uncommit_free_chunks: 1.
 - use_allocation_guard: 0.
 - handle_deallocations: 1.


Internal statistics:

num_allocs_failed_limit: 0.
num_arena_births: 12.
num_arena_deaths: 0.
num_vsnodes_births: 2.
num_vsnodes_deaths: 0.
num_space_committed: 49.
num_space_uncommitted: 0.
num_chunks_returned_to_freelist: 0.
num_chunks_taken_from_freelist: 31.
num_chunk_merges: 0.
num_chunk_splits: 18.
num_chunks_enlarged: 14.
num_purges: 0.
num_inconsistent_stats: 0.

CodeHeap 'non-profiled nmethods': size=120000Kb used=163Kb max_used=163Kb free=119836Kb
 bounds [0x0000027c0f4c0000, 0x0000027c0f730000, 0x0000027c169f0000]
CodeHeap 'profiled nmethods': size=120000Kb used=730Kb max_used=730Kb free=119270Kb
 bounds [0x0000027c07f90000, 0x0000027c08200000, 0x0000027c0f4c0000]
CodeHeap 'non-nmethods': size=5760Kb used=1199Kb max_used=1215Kb free=4560Kb
 bounds [0x0000027c079f0000, 0x0000027c07c60000, 0x0000027c07f90000]
 total_blobs=884 nmethods=468 adapters=329
 compilation: enabled
              stopped_count=0, restarted_count=0
 full_count=0

Compilation events (20 events):
Event: 9.164 Thread 0x0000027c7f45cde0  459       3       java.lang.StringConcatHelper::stringOf (20 bytes)
Event: 9.164 Thread 0x0000027c7f45cde0 nmethod 459 0x0000027c08041a90 code [0x0000027c08041c40, 0x0000027c08041e88]
Event: 9.164 Thread 0x0000027c7f45cde0  460       3       java.lang.StringConcatHelper::mix (27 bytes)
Event: 9.165 Thread 0x0000027c7f45cde0 nmethod 460 0x0000027c08041f90 code [0x0000027c08042160, 0x0000027c08042588]
Event: 9.165 Thread 0x0000027c7f45cde0  461       3       sun.security.x509.X509CertImpl::getEncodedInternal (22 bytes)
Event: 9.165 Thread 0x0000027c7f45cde0 nmethod 461 0x0000027c08042790 code [0x0000027c08042940, 0x0000027c08042b28]
Event: 9.171 Thread 0x0000027c7f45cde0  462       3       sun.security.x509.X509CertImpl::getEncodedInternal (20 bytes)
Event: 9.172 Thread 0x0000027c7f45cde0 nmethod 462 0x0000027c08042c10 code [0x0000027c08042e40, 0x0000027c08043648]
Event: 9.172 Thread 0x0000027c7f45cde0  463   !   3       java.security.cert.Certificate::equals (38 bytes)
Event: 9.174 Thread 0x0000027c7f45cde0 nmethod 463 0x0000027c08043890 code [0x0000027c08043ba0, 0x0000027c08044ee8]
Event: 9.175 Thread 0x0000027c7f45cde0  464       1       java.util.zip.ZipCoder$UTF8ZipCoder::isUTF8 (2 bytes)
Event: 9.175 Thread 0x0000027c7f45cde0 nmethod 464 0x0000027c0f4e7d90 code [0x0000027c0f4e7f20, 0x0000027c0f4e7ff8]
Event: 9.178 Thread 0x0000027c7f45cde0  465       3       java.lang.String::regionMatches (150 bytes)
Event: 9.180 Thread 0x0000027c7f3eccd0  467 %     4       java.lang.StringLatin1::indexOfChar @ 7 (33 bytes)
Event: 9.180 Thread 0x0000027c7f45cde0 nmethod 465 0x0000027c08045690 code [0x0000027c080458e0, 0x0000027c08046128]
Event: 9.180 Thread 0x0000027c7f45cde0  466       3       java.util.Arrays::copyOf (10 bytes)
Event: 9.180 Thread 0x0000027c7f45cde0 nmethod 466 0x0000027c08046410 code [0x0000027c080465c0, 0x0000027c08046728]
Event: 9.187 Thread 0x0000027c7f3eccd0 nmethod 467% 0x0000027c0f4e8090 code [0x0000027c0f4e8220, 0x0000027c0f4e8458]
Event: 9.690 Thread 0x0000027c7f3eccd0  468       4       java.lang.StringLatin1::newString (24 bytes)
Event: 9.701 Thread 0x0000027c7f3eccd0 nmethod 468 0x0000027c0f4e8590 code [0x0000027c0f4e8720, 0x0000027c0f4e8b98]

GC Heap History (11 events):
Event: 9.795 GC heap before
{Heap before GC invocations=0 (full 0):
 garbage-first heap   total 131072K, used 56320K [0x0000000081c00000, 0x0000000100000000)
  region size 1024K, 9 young (9216K), 0 survivors (0K)
 Metaspace       used 2993K, committed 3136K, reserved 1056768K
  class space    used 281K, committed 384K, reserved 1048576K
}
Event: 9.806 GC heap after
{Heap after GC invocations=1 (full 0):
 garbage-first heap   total 131072K, used 19882K [0x0000000081c00000, 0x0000000100000000)
  region size 1024K, 2 young (2048K), 2 survivors (2048K)
 Metaspace       used 2993K, committed 3136K, reserved 1056768K
  class space    used 281K, committed 384K, reserved 1048576K
}
Event: 9.867 GC heap before
{Heap before GC invocations=1 (full 0):
 garbage-first heap   total 131072K, used 53674K [0x0000000081c00000, 0x0000000100000000)
  region size 1024K, 3 young (3072K), 2 survivors (2048K)
 Metaspace       used 2993K, committed 3136K, reserved 1056768K
  class space    used 281K, committed 384K, reserved 1048576K
}
Event: 9.872 GC heap after
{Heap after GC invocations=2 (full 0):
 garbage-first heap   total 131072K, used 23985K [0x0000000081c00000, 0x0000000100000000)
  region size 1024K, 2 young (2048K), 2 survivors (2048K)
 Metaspace       used 2993K, committed 3136K, reserved 1056768K
  class space    used 281K, committed 384K, reserved 1048576K
}
Event: 9.916 GC heap before
{Heap before GC invocations=2 (full 0):
 garbage-first heap   total 131072K, used 56753K [0x0000000081c00000, 0x0000000100000000)
  region size 1024K, 3 young (3072K), 2 survivors (2048K)
 Metaspace       used 2993K, committed 3136K, reserved 1056768K
  class space    used 281K, committed 384K, reserved 1048576K
}
Event: 9.921 GC heap after
{Heap after GC invocations=3 (full 0):
 garbage-first heap   total 131072K, used 34228K [0x0000000081c00000, 0x0000000100000000)
  region size 1024K, 2 young (2048K), 2 survivors (2048K)
 Metaspace       used 2993K, committed 3136K, reserved 1056768K
  class space    used 281K, committed 384K, reserved 1048576K
}
Event: 9.953 GC heap before
{Heap before GC invocations=3 (full 0):
 garbage-first heap   total 131072K, used 55732K [0x0000000081c00000, 0x0000000100000000)
  region size 1024K, 3 young (3072K), 2 survivors (2048K)
 Metaspace       used 2993K, committed 3136K, reserved 1056768K
  class space    used 281K, committed 384K, reserved 1048576K
}
Event: 9.958 GC heap after
{Heap after GC invocations=4 (full 0):
 garbage-first heap   total 131072K, used 22972K [0x0000000081c00000, 0x0000000100000000)
  region size 1024K, 2 young (2048K), 2 survivors (2048K)
 Metaspace       used 2993K, committed 3136K, reserved 1056768K
  class space    used 281K, committed 384K, reserved 1048576K
}
Event: 9.983 GC heap before
{Heap before GC invocations=4 (full 0):
 garbage-first heap   total 131072K, used 44476K [0x0000000081c00000, 0x0000000100000000)
  region size 1024K, 2 young (2048K), 2 survivors (2048K)
 Metaspace       used 2993K, committed 3136K, reserved 1056768K
  class space    used 281K, committed 384K, reserved 1048576K
}
Event: 9.989 GC heap after
{Heap after GC invocations=5 (full 0):
 garbage-first heap   total 131072K, used 44567K [0x0000000081c00000, 0x0000000100000000)
  region size 1024K, 2 young (2048K), 2 survivors (2048K)
 Metaspace       used 2993K, committed 3136K, reserved 1056768K
  class space    used 281K, committed 384K, reserved 1048576K
}
Event: 10.007 GC heap before
{Heap before GC invocations=5 (full 0):
 garbage-first heap   total 131072K, used 66071K [0x0000000081c00000, 0x0000000100000000)
  region size 1024K, 3 young (3072K), 2 survivors (2048K)
 Metaspace       used 2993K, committed 3136K, reserved 1056768K
  class space    used 281K, committed 384K, reserved 1048576K
}

Deoptimization events (20 events):
Event: 2.444 Thread 0x0000027c79a9b690 DEOPT PACKING pc=0x0000027c0f4d78dc sp=0x000000a4a7afe420
Event: 2.444 Thread 0x0000027c79a9b690 DEOPT UNPACKING pc=0x0000027c07a423a3 sp=0x000000a4a7afe3b0 mode 2
Event: 2.444 Thread 0x0000027c79a9b690 Uncommon trap: trap_request=0xffffffde fr.pc=0x0000027c0f4d78dc relative=0x0000000000000bdc
Event: 2.444 Thread 0x0000027c79a9b690 Uncommon trap: reason=class_check action=maybe_recompile pc=0x0000027c0f4d78dc method=java.util.HashMap.putVal(ILjava/lang/Object;Ljava/lang/Object;ZZ)Ljava/lang/Object; @ 152 c2
Event: 2.444 Thread 0x0000027c79a9b690 DEOPT PACKING pc=0x0000027c0f4d78dc sp=0x000000a4a7afe420
Event: 2.444 Thread 0x0000027c79a9b690 DEOPT UNPACKING pc=0x0000027c07a423a3 sp=0x000000a4a7afe3b0 mode 2
Event: 2.654 Thread 0x0000027c79a9b690 Uncommon trap: trap_request=0xffffffde fr.pc=0x0000027c0f4dbb60 relative=0x0000000000000e60
Event: 2.654 Thread 0x0000027c79a9b690 Uncommon trap: reason=class_check action=maybe_recompile pc=0x0000027c0f4dbb60 method=java.util.HashMap.putVal(ILjava/lang/Object;Ljava/lang/Object;ZZ)Ljava/lang/Object; @ 203 c2
Event: 2.654 Thread 0x0000027c79a9b690 DEOPT PACKING pc=0x0000027c0f4dbb60 sp=0x000000a4a7afc460
Event: 2.654 Thread 0x0000027c79a9b690 DEOPT UNPACKING pc=0x0000027c07a423a3 sp=0x000000a4a7afc410 mode 2
Event: 2.656 Thread 0x0000027c79a9b690 Uncommon trap: trap_request=0xffffffde fr.pc=0x0000027c0f4dbb60 relative=0x0000000000000e60
Event: 2.656 Thread 0x0000027c79a9b690 Uncommon trap: reason=class_check action=maybe_recompile pc=0x0000027c0f4dbb60 method=java.util.HashMap.putVal(ILjava/lang/Object;Ljava/lang/Object;ZZ)Ljava/lang/Object; @ 203 c2
Event: 2.656 Thread 0x0000027c79a9b690 DEOPT PACKING pc=0x0000027c0f4dbb60 sp=0x000000a4a7afc460
Event: 2.657 Thread 0x0000027c79a9b690 DEOPT UNPACKING pc=0x0000027c07a423a3 sp=0x000000a4a7afc410 mode 2
Event: 3.608 Thread 0x0000027c79a9b690 DEOPT PACKING pc=0x0000027c0802a334 sp=0x000000a4a7af9bc0
Event: 3.608 Thread 0x0000027c79a9b690 DEOPT UNPACKING pc=0x0000027c07a42b43 sp=0x000000a4a7af9028 mode 0
Event: 6.730 Thread 0x0000027c79a9b690 Uncommon trap: trap_request=0xffffff45 fr.pc=0x0000027c0f4c6f7c relative=0x000000000000007c
Event: 6.730 Thread 0x0000027c79a9b690 Uncommon trap: reason=unstable_if action=reinterpret pc=0x0000027c0f4c6f7c method=java.lang.String.isLatin1()Z @ 10 c2
Event: 6.730 Thread 0x0000027c79a9b690 DEOPT PACKING pc=0x0000027c0f4c6f7c sp=0x000000a4a7aff140
Event: 6.730 Thread 0x0000027c79a9b690 DEOPT UNPACKING pc=0x0000027c07a423a3 sp=0x000000a4a7aff090 mode 2

Classes unloaded (0 events):
No events

Classes redefined (0 events):
No events

Internal exceptions (1 events):
Event: 0.621 Thread 0x0000027c79a9b690 Exception <a 'java/lang/NoSuchMethodError'{0x0000000089a1d108}: 'void java.lang.invoke.DirectMethodHandle$Holder.invokeVirtual(java.lang.Object, java.lang.Object)'> (0x0000000089a1d108) 
thrown [e:\jenkins\tmp\workspace\build\src\src\hotspot\share\interpreter\linkResolver.cpp, line 766]

VM Operations (20 events):
Event: 1.823 Executing VM operation: ChangeBreakpoints done
Event: 2.837 Executing VM operation: Cleanup
Event: 2.837 Executing VM operation: Cleanup done
Event: 3.841 Executing VM operation: Cleanup
Event: 4.277 Executing VM operation: Cleanup done
Event: 6.281 Executing VM operation: Cleanup
Event: 6.720 Executing VM operation: Cleanup done
Event: 7.733 Executing VM operation: Cleanup
Event: 7.874 Executing VM operation: Cleanup done
Event: 9.795 Executing VM operation: G1TryInitiateConcMark
Event: 9.806 Executing VM operation: G1TryInitiateConcMark done
Event: 9.867 Executing VM operation: G1TryInitiateConcMark
Event: 9.873 Executing VM operation: G1TryInitiateConcMark done
Event: 9.916 Executing VM operation: G1TryInitiateConcMark
Event: 9.921 Executing VM operation: G1TryInitiateConcMark done
Event: 9.953 Executing VM operation: G1TryInitiateConcMark
Event: 9.958 Executing VM operation: G1TryInitiateConcMark done
Event: 9.982 Executing VM operation: G1TryInitiateConcMark
Event: 9.989 Executing VM operation: G1TryInitiateConcMark done
Event: 10.006 Executing VM operation: G1TryInitiateConcMark

Events (20 events):
Event: 9.127 loading class jdk/internal/reflect/Label
Event: 9.127 loading class jdk/internal/reflect/Label done
Event: 9.127 loading class jdk/internal/reflect/Label$PatchInfo
Event: 9.127 loading class jdk/internal/reflect/Label$PatchInfo done
Event: 9.128 loading class jdk/internal/reflect/MethodAccessorGenerator$1
Event: 9.128 loading class jdk/internal/reflect/MethodAccessorGenerator$1 done
Event: 9.128 loading class jdk/internal/reflect/ClassDefiner
Event: 9.128 loading class jdk/internal/reflect/ClassDefiner done
Event: 9.128 loading class jdk/internal/reflect/ClassDefiner$1
Event: 9.128 loading class jdk/internal/reflect/ClassDefiner$1 done
Event: 9.129 loading class jdk/internal/reflect/BootstrapConstructorAccessorImpl
Event: 9.129 loading class jdk/internal/reflect/BootstrapConstructorAccessorImpl done
Event: 9.181 loading class java/lang/IllegalStateException
Event: 9.621 loading class java/lang/IllegalStateException done
Event: 9.624 loading class java/lang/WeakPairMap$Pair$Weak
Event: 9.688 loading class java/lang/WeakPairMap$WeakRefPeer
Event: 9.689 loading class java/lang/WeakPairMap$WeakRefPeer done
Event: 9.689 loading class java/lang/WeakPairMap$Pair$Weak done
Event: 9.689 loading class java/lang/WeakPairMap$Pair$Weak$1
Event: 9.689 loading class java/lang/WeakPairMap$Pair$Weak$1 done


Dynamic libraries:
0x00007ff747190000 - 0x00007ff74719e000 	C:\Program Files\Eclipse Adoptium\jdk-17.0.2.8-hotspot\bin\javaw.exe
0x00007ffe412d0000 - 0x00007ffe414e7000 	C:\WINDOWS\SYSTEM32\ntdll.dll
0x00007ffe401f0000 - 0x00007ffe402b4000 	C:\WINDOWS\System32\KERNEL32.DLL
0x00007ffe3ec10000 - 0x00007ffe3efb6000 	C:\WINDOWS\System32\KERNELBASE.dll
0x00007ffe3ea20000 - 0x00007ffe3eb31000 	C:\WINDOWS\System32\ucrtbase.dll
0x00007ffe25550000 - 0x00007ffe25568000 	C:\Program Files\Eclipse Adoptium\jdk-17.0.2.8-hotspot\bin\jli.dll
0x00007ffe3faa0000 - 0x00007ffe3fc4d000 	C:\WINDOWS\System32\USER32.dll
0x00007ffe3eb40000 - 0x00007ffe3eb66000 	C:\WINDOWS\System32\win32u.dll
0x00007ffe410b0000 - 0x00007ffe410d9000 	C:\WINDOWS\System32\GDI32.dll
0x00007ffe3e900000 - 0x00007ffe3ea18000 	C:\WINDOWS\System32\gdi32full.dll
0x00007ffe3eb70000 - 0x00007ffe3ec0a000 	C:\WINDOWS\System32\msvcp_win.dll
0x00007ffe25570000 - 0x00007ffe25589000 	C:\Program Files\Eclipse Adoptium\jdk-17.0.2.8-hotspot\bin\VCRUNTIME140.dll
0x00007ffe24b20000 - 0x00007ffe24db3000 	C:\WINDOWS\WinSxS\amd64_microsoft.windows.common-controls_6595b64144ccf1df_6.0.22621.2361_none_2712ced57382f843\COMCTL32.dll
0x00007ffe40f70000 - 0x00007ffe41017000 	C:\WINDOWS\System32\msvcrt.dll
0x00007ffe3f0e0000 - 0x00007ffe3f111000 	C:\WINDOWS\System32\IMM32.DLL
0x00007ffe2e1d0000 - 0x00007ffe2e1dc000 	C:\Program Files\Eclipse Adoptium\jdk-17.0.2.8-hotspot\bin\vcruntime140_1.dll
0x00007ffe1f560000 - 0x00007ffe1f5f1000 	C:\Program Files\Eclipse Adoptium\jdk-17.0.2.8-hotspot\bin\msvcp140.dll
0x00007ffdebe20000 - 0x00007ffdeca67000 	C:\Program Files\Eclipse Adoptium\jdk-17.0.2.8-hotspot\bin\server\jvm.dll
0x00007ffe3f9f0000 - 0x00007ffe3faa0000 	C:\WINDOWS\System32\ADVAPI32.dll
0x00007ffe3f030000 - 0x00007ffe3f0d6000 	C:\WINDOWS\System32\sechost.dll
0x00007ffe40b80000 - 0x00007ffe40c97000 	C:\WINDOWS\System32\RPCRT4.dll
0x00007ffe410e0000 - 0x00007ffe410e8000 	C:\WINDOWS\System32\PSAPI.DLL
0x00007ffe39060000 - 0x00007ffe39069000 	C:\WINDOWS\SYSTEM32\WSOCK32.dll
0x00007ffe41030000 - 0x00007ffe410a1000 	C:\WINDOWS\System32\WS2_32.dll
0x00007ffe38500000 - 0x00007ffe38534000 	C:\WINDOWS\SYSTEM32\WINMM.dll
0x00007ffe38470000 - 0x00007ffe3847a000 	C:\WINDOWS\SYSTEM32\VERSION.dll
0x00007ffe3d720000 - 0x00007ffe3d738000 	C:\WINDOWS\SYSTEM32\kernel.appcore.dll
0x00007ffe38830000 - 0x00007ffe3883a000 	C:\Program Files\Eclipse Adoptium\jdk-17.0.2.8-hotspot\bin\jimage.dll
0x00007ffe3c160000 - 0x00007ffe3c38e000 	C:\WINDOWS\SYSTEM32\DBGHELP.DLL
0x00007ffe3f660000 - 0x00007ffe3f9ea000 	C:\WINDOWS\System32\combase.dll
0x00007ffe400d0000 - 0x00007ffe401a7000 	C:\WINDOWS\System32\OLEAUT32.dll
0x00007ffe261a0000 - 0x00007ffe261d2000 	C:\WINDOWS\SYSTEM32\dbgcore.DLL
0x00007ffe3e710000 - 0x00007ffe3e78a000 	C:\WINDOWS\System32\bcryptPrimitives.dll
0x00007ffe21f50000 - 0x00007ffe21f8b000 	C:\Program Files\Eclipse Adoptium\jdk-17.0.2.8-hotspot\bin\jdwp.dll
0x00007ffe2bfe0000 - 0x00007ffe2bfee000 	C:\Program Files\Eclipse Adoptium\jdk-17.0.2.8-hotspot\bin\instrument.dll
0x00007ffe2a630000 - 0x00007ffe2a655000 	C:\Program Files\Eclipse Adoptium\jdk-17.0.2.8-hotspot\bin\java.dll
0x00007ffe09f90000 - 0x00007ffe0a066000 	C:\Program Files\Eclipse Adoptium\jdk-17.0.2.8-hotspot\bin\jsvml.dll
0x00007ffe40320000 - 0x00007ffe40b78000 	C:\WINDOWS\System32\SHELL32.dll
0x00007ffe3c5b0000 - 0x00007ffe3cea2000 	C:\WINDOWS\SYSTEM32\windows.storage.dll
0x00007ffe3c470000 - 0x00007ffe3c5ae000 	C:\WINDOWS\SYSTEM32\wintypes.dll
0x00007ffe40e60000 - 0x00007ffe40f53000 	C:\WINDOWS\System32\SHCORE.dll
0x00007ffe3f5a0000 - 0x00007ffe3f5fe000 	C:\WINDOWS\System32\shlwapi.dll
0x00007ffe3e580000 - 0x00007ffe3e5a6000 	C:\WINDOWS\SYSTEM32\profapi.dll
0x00007ffe2c890000 - 0x00007ffe2c8a9000 	C:\Program Files\Eclipse Adoptium\jdk-17.0.2.8-hotspot\bin\net.dll
0x00007ffe36330000 - 0x00007ffe36467000 	C:\WINDOWS\SYSTEM32\WINHTTP.dll
0x00007ffe3dc00000 - 0x00007ffe3dc69000 	C:\WINDOWS\system32\mswsock.dll
0x00007ffe2a610000 - 0x00007ffe2a625000 	C:\Program Files\Eclipse Adoptium\jdk-17.0.2.8-hotspot\bin\nio.dll
0x00007ffe2a110000 - 0x00007ffe2a11c000 	C:\Program Files\Eclipse Adoptium\jdk-17.0.2.8-hotspot\bin\dt_socket.dll
0x00007ffe3d100000 - 0x00007ffe3d12d000 	C:\WINDOWS\SYSTEM32\IPHLPAPI.DLL
0x00007ffe3d130000 - 0x00007ffe3d229000 	C:\WINDOWS\SYSTEM32\DNSAPI.dll
0x00007ffe40f60000 - 0x00007ffe40f69000 	C:\WINDOWS\System32\NSI.dll
0x00007ffe34c20000 - 0x00007ffe34c2a000 	C:\Windows\System32\rasadhlp.dll
0x00007ffe34b90000 - 0x00007ffe34c14000 	C:\WINDOWS\System32\fwpuclnt.dll
0x00007ffe2a5f0000 - 0x00007ffe2a608000 	C:\Program Files\Eclipse Adoptium\jdk-17.0.2.8-hotspot\bin\zip.dll
0x00007ffe2c7c0000 - 0x00007ffe2c7d0000 	C:\Program Files\Eclipse Adoptium\jdk-17.0.2.8-hotspot\bin\verify.dll

dbghelp: loaded successfully - version: 4.0.5 - missing functions: none
symbol engine: initialized successfully - sym options: 0x614 - pdb path: .;C:\Program Files\Eclipse Adoptium\jdk-17.0.2.8-hotspot\bin;C:\WINDOWS\SYSTEM32;C:\WINDOWS\WinSxS\amd64_microsoft.windows.common-controls_6595b64144ccf1df_6.0.22621.2361_none_2712ced57382f843;C:\Program Files\Eclipse Adoptium\jdk-17.0.2.8-hotspot\bin\server

VM Arguments:
jvm_args: -XX:+ShowCodeDetailsInExceptionMessages -agentlib:jdwp=transport=dt_socket,suspend=y,address=localhost:49930 -javaagent:C:\Users\91737\eclipse\jee-2020-09\eclipse\configuration\org.eclipse.osgi\1157\0\.cp\lib\javaagent-shaded.jar -Dfile.encoding=Cp1252 --module-path=C:\Users\91737\git\repository\qspiders\bin -Djdk.module.main=qspiders 
java_command: qspiders/com.qspiders.practice.ChangeIp
java_class_path (initial): <not set>
Launcher Type: SUN_STANDARD

[Global flags]
     intx CICompilerCount                          = 4                                         {product} {ergonomic}
     uint ConcGCThreads                            = 2                                         {product} {ergonomic}
     uint G1ConcRefinementThreads                  = 8                                         {product} {ergonomic}
   size_t G1HeapRegionSize                         = 1048576                                   {product} {ergonomic}
    uintx GCDrainStackTargetSize                   = 64                                        {product} {ergonomic}
   size_t InitialHeapSize                          = 134217728                                 {product} {ergonomic}
   size_t MarkStackSize                            = 4194304                                   {product} {ergonomic}
   size_t MaxHeapSize                              = 2118123520                                {product} {ergonomic}
   size_t MaxNewSize                               = 1270874112                                {product} {ergonomic}
   size_t MinHeapDeltaBytes                        = 1048576                                   {product} {ergonomic}
   size_t MinHeapSize                              = 8388608                                   {product} {ergonomic}
    uintx NonNMethodCodeHeapSize                   = 5839372                                {pd product} {ergonomic}
    uintx NonProfiledCodeHeapSize                  = 122909434                              {pd product} {ergonomic}
    uintx ProfiledCodeHeapSize                     = 122909434                              {pd product} {ergonomic}
    uintx ReservedCodeCacheSize                    = 251658240                              {pd product} {ergonomic}
     bool SegmentedCodeCache                       = true                                      {product} {ergonomic}
     bool ShowCodeDetailsInExceptionMessages       = true                                   {manageable} {command line}
   size_t SoftMaxHeapSize                          = 2118123520                             {manageable} {ergonomic}
     bool UseCompressedClassPointers               = true                           {product lp64_product} {ergonomic}
     bool UseCompressedOops                        = true                           {product lp64_product} {ergonomic}
     bool UseG1GC                                  = true                                      {product} {ergonomic}
     bool UseLargePagesIndividualAllocation        = false                                  {pd product} {ergonomic}

Logging:
Log output configuration:
 #0: stdout all=warning uptime,level,tags
 #1: stderr all=off uptime,level,tags

Environment Variables:
PATH=C:/Program Files/Eclipse Adoptium/jdk-17.0.2.8-hotspot/bin/server;C:/Program Files/Eclipse Adoptium/jdk-17.0.2.8-hotspot/bin;C:\Python312\Scripts\;C:\Python312\;D:\oracle\product\10.2.0\db_2\bin;C:\Python311\Scripts\;C:\Python311\;C:\Python27\;C:\Python27\Scripts;C:\Program Files\Eclipse Adoptium\jdk-17.0.2.8-hotspot\bin;C:\Python310\Scripts\;C:\Python310\;C:\WINDOWS\system32;C:\WINDOWS;C:\WINDOWS\System32\Wbem;C:\WINDOWS\System32\WindowsPowerShell\v1.0\;C:\WINDOWS\System32\OpenSSH\;C:\Program Files\Git\cmd;C:\ProgramData\chocolatey\bin;C:\Program Files\MongoDB\Server\5.0\bin;C:\Program Files\dotnet\;C:\mingw64\bin;C:\mingw32\bin;;C:\TDM-GCC-32\bin;C:\Program Files\nodejs\;C:\Program Files\MySQL\MySQL Shell 8.0\bin\;C:\Users\91737\AppData\Local\Microsoft\WindowsApps;C:\Users\91737\Downloads\platform-tools_r30.0.4-windows\platform-tools;C:\Program Files\JetBrains\PyCharm Community Edition 2021.1.1\bin;;C:\src\flutter\bin;C:\Users\91737\AppData\Local\Programs\Microsoft VS Code\bin;C:\Program Files\heroku\bin;C:\MinGW\bin;C:\Users\91737\AppData\Roaming\npm;C:\Users\91737\OneDrive\Desktop;
USERNAME=91737
OS=Windows_NT
PROCESSOR_IDENTIFIER=Intel64 Family 6 Model 142 Stepping 10, GenuineIntel



---------------  S Y S T E M  ---------------

OS:
 Windows 11 , 64 bit Build 22621 (10.0.22621.2428)
OS uptime: 0 days 4:48 hours

CPU: total 8 (initial active 8) (4 cores per cpu, 2 threads per core) family 6 model 142 stepping 10 microcode 0xe0, cx8, cmov, fxsr, ht, mmx, 3dnowpref, sse, sse2, sse3, ssse3, sse4.1, sse4.2, popcnt, lzcnt, tsc, tscinvbit, avx, avx2, aes, erms, clmul, bmi1, bmi2, adx, fma, vzeroupper, clflush, clflushopt

Memory: 4k page, system-wide physical 8078M (516M free)
TotalPageFile size 13031M (AvailPageFile size 0M)
current process WorkingSet (physical memory assigned to process): 103M, peak: 105M
current process commit charge ("private bytes"): 214M, peak: 346M

vm_info: OpenJDK 64-Bit Server VM (17.0.2+8) for windows-amd64 JRE (17.0.2+8), built on Jan 20 2022 04:52:34 by "" with MS VC++ 16.7 (VS2019)

END.
